#
# There is insufficient memory for the Java Runtime Environment to continue.
# Native memory allocation (malloc) failed to allocate 65552 bytes for Chunk::new
# Possible reasons:
#   The system is out of physical RAM or swap space
#   In 32 bit mode, the process size limit was hit
# Possible solutions:
#   Reduce memory load on the system
#   Increase physical memory or swap space
#   Check if swap backing store is full
#   Use 64 bit Java on a 64 bit OS
#   Decrease Java heap size (-Xmx/-Xms)
#   Decrease number of Java threads
#   Decrease Java thread stack sizes (-Xss)
#   Set larger code cache with -XX:ReservedCodeCacheSize=
# This output file may be truncated or incomplete.
#
#  Out of Memory Error (allocation.cpp:390), pid=5532, tid=0x0000000000001258
#
# JRE version: Java(TM) SE Runtime Environment (8.0_101-b13) (build 1.8.0_101-b13)
# Java VM: Java HotSpot(TM) 64-Bit Server VM (25.101-b13 mixed mode windows-amd64 compressed oops)
# Failed to write core dump. Minidumps are not enabled by default on client versions of Windows
#

---------------  T H R E A D  ---------------

Current thread (0x00000000567a3000):  JavaThread "C2 CompilerThread0" daemon [_thread_in_native, id=4696, stack(0x0000000057f60000,0x0000000058060000)]

Stack: [0x0000000057f60000,0x0000000058060000]
[error occurred during error reporting (printing stack bounds), id 0xc0000005]

Native frames: (J=compiled Java code, j=interpreted, Vv=VM code, C=native code)


Current CompileTask:
C2:    692  578   !   4       com.android.dx.cf.code.BytecodeArray::parseInstruction (2764 bytes)


---------------  P R O C E S S  ---------------

Java Threads: ( => current thread )
  0x0000000056995800 JavaThread "pool-2-thread-4" [_thread_blocked, id=1680, stack(0x0000000058df0000,0x0000000058ef0000)]
  0x0000000056995000 JavaThread "pool-2-thread-3" [_thread_blocked, id=6372, stack(0x0000000058bf0000,0x0000000058cf0000)]
  0x000000005698d800 JavaThread "pool-2-thread-2" [_thread_in_Java, id=6568, stack(0x00000000589f0000,0x0000000058af0000)]
  0x000000005697a000 JavaThread "pool-3-thread-1" [_thread_blocked, id=8872, stack(0x0000000058460000,0x0000000058560000)]
  0x0000000056977000 JavaThread "pool-2-thread-1" [_thread_in_Java, id=5456, stack(0x0000000058760000,0x0000000058860000)]
  0x0000000056810800 JavaThread "Service Thread" daemon [_thread_blocked, id=6864, stack(0x0000000057e40000,0x0000000057f40000)]
  0x00000000567ff000 JavaThread "C1 CompilerThread3" daemon [_thread_blocked, id=4556, stack(0x0000000058360000,0x0000000058460000)]
  0x00000000567fe800 JavaThread "C2 CompilerThread2" daemon [_thread_blocked, id=10012, stack(0x0000000058080000,0x0000000058180000)]
  0x00000000567fb800 JavaThread "C2 CompilerThread1" daemon [_thread_in_native, id=3824, stack(0x00000000581b0000,0x00000000582b0000)]
=>0x00000000567a3000 JavaThread "C2 CompilerThread0" daemon [_thread_in_native, id=4696, stack(0x0000000057f60000,0x0000000058060000)]
  0x0000000056797800 JavaThread "Attach Listener" daemon [_thread_blocked, id=9060, stack(0x00000000576c0000,0x00000000577c0000)]
  0x0000000056780800 JavaThread "Signal Dispatcher" daemon [_thread_blocked, id=10752, stack(0x0000000057cd0000,0x0000000057dd0000)]
  0x00000000555c1800 JavaThread "Finalizer" daemon [_thread_blocked, id=4868, stack(0x0000000057b90000,0x0000000057c90000)]
  0x00000000555bb800 JavaThread "Reference Handler" daemon [_thread_blocked, id=5580, stack(0x00000000579d0000,0x0000000057ad0000)]
  0x000000000257e000 JavaThread "main" [_thread_blocked, id=5208, stack(0x00000000026b0000,0x00000000027b0000)]

Other Threads:
  0x0000000056732000 VMThread [stack: 0x0000000057800000,0x0000000057900000] [id=6068]
  0x000000005680d000 WatcherThread [stack: 0x0000000058640000,0x0000000058740000] [id=6292]

VM state:not at safepoint (normal execution)

VM Mutex/Monitor currently owned by a thread: None

Heap:
 PSYoungGen      total 38400K, used 16931K [0x00000000eab00000, 0x00000000ed580000, 0x0000000100000000)
  eden space 33280K, 50% used [0x00000000eab00000,0x00000000ebb88e80,0x00000000ecb80000)
  from space 5120K, 0% used [0x00000000ed080000,0x00000000ed080000,0x00000000ed580000)
  to   space 5120K, 0% used [0x00000000ecb80000,0x00000000ecb80000,0x00000000ed080000)
 ParOldGen       total 87552K, used 0K [0x00000000c0000000, 0x00000000c5580000, 0x00000000eab00000)
  object space 87552K, 0% used [0x00000000c0000000,0x00000000c0000000,0x00000000c5580000)
 Metaspace       used 5520K, capacity 6640K, committed 6784K, reserved 1056768K
  class space    used 584K, capacity 616K, committed 640K, reserved 1048576K

Card table byte_map: [0x0000000011b70000,0x0000000011d80000] byte_map_base: 0x0000000011570000

Marking Bits: (ParMarkBitMap*) 0x000000006cf7a6d0
 Begin Bits: [0x00000000129d0000, 0x00000000139d0000)
 End Bits:   [0x00000000139d0000, 0x00000000149d0000)

Polling page: 0x0000000000230000

CodeCache: size=245760Kb used=2237Kb max_used=2250Kb free=243522Kb
 bounds [0x00000000027b0000, 0x0000000002a20000, 0x00000000117b0000]
 total_blobs=802 nmethods=537 adapters=178
 compilation: enabled

Compilation events (10 events):
Event: 0.660 Thread 0x00000000567a3000  574       4       com.android.dx.cf.code.Ropper::getAvailableLabel (54 bytes)
Event: 0.665 Thread 0x00000000567a3000 nmethod 574 0x00000000029ddbd0 code [0x00000000029ddd60, 0x00000000029de128]
Event: 0.665 Thread 0x00000000567a3000  575   !   4       com.android.dx.util.IntList::set (53 bytes)
Event: 0.665 Thread 0x00000000567a3000 nmethod 575 0x00000000029de9d0 code [0x00000000029deb20, 0x00000000029debf8]
Event: 0.666 Thread 0x00000000567fe800 nmethod 566 0x00000000029e3510 code [0x00000000029e3780, 0x00000000029e4760]
Event: 0.668 Thread 0x00000000567a3000  578   !   4       com.android.dx.cf.code.BytecodeArray::parseInstruction (2764 bytes)
Event: 0.687 Thread 0x00000000567fe800  580   !   4       com.android.dx.util.IntList::<init> (37 bytes)
Event: 0.688 Thread 0x00000000567fe800 nmethod 580 0x00000000029dd850 code [0x00000000029dd9a0, 0x00000000029ddaf8]
Event: 0.688 Thread 0x00000000567fe800  581       4       com.android.dx.rop.type.Type::equals (31 bytes)
Event: 0.689 Thread 0x00000000567fe800 nmethod 581 0x00000000029dd4d0 code [0x00000000029dd620, 0x00000000029dd798]

GC Heap History (0 events):
No events

Deoptimization events (1 events):
Event: 0.618 Thread 0x000000000257e000 Uncommon trap: reason=unstable_if action=reinterpret pc=0x0000000002995020 method=java.util.BitSet.nextSetBit(I)I @ 87

Internal exceptions (2 events):
Event: 0.033 Thread 0x000000000257e000 Exception <a 'java/lang/NoSuchMethodError': Method sun.misc.Unsafe.defineClass(Ljava/lang/String;[BII)Ljava/lang/Class; name or signature does not match> (0x00000000eab07cc0) thrown at [C:\re\workspace\8-2-build-windows-amd64-cygwin\jdk8u101\7261\hotspot\sT 7[¹È ?
Event: 0.033 Thread 0x000000000257e000 Exception <a 'java/lang/NoSuchMethodError': Method sun.misc.Unsafe.prefetchRead(Ljava/lang/Object;J)V name or signature does not match> (0x00000000eab07fa8) thrown at [C:\re\workspace\8-2-build-windows-amd64-cygwin\jdk8u101\7261\hotspot\src\share\vm\prims\

Events (10 events):
Event: 0.618 Thread 0x000000000257e000 DEOPT PACKING pc=0x0000000002995020 sp=0x00000000027add20
Event: 0.618 Thread 0x000000000257e000 DEOPT UNPACKING pc=0x00000000027f582a sp=0x00000000027adcb8 mode 2
Event: 0.623 loading class java/util/DualPivotQuicksort
Event: 0.623 loading class java/util/DualPivotQuicksort done
Event: 0.651 Thread 0x0000000056977000 DEOPT PACKING pc=0x00000000029d487a sp=0x000000005885e670
Event: 0.651 Thread 0x0000000056977000 DEOPT UNPACKING pc=0x00000000027f787f sp=0x000000005885e3e8 mode 0
Event: 0.652 Thread 0x0000000056977000 DEOPT PACKING pc=0x00000000029d487a sp=0x000000005885e670
Event: 0.652 Thread 0x0000000056977000 DEOPT UNPACKING pc=0x00000000027f787f sp=0x000000005885e3e8 mode 0
Event: 0.654 Thread 0x0000000056977000 DEOPT PACKING pc=0x00000000029d487a sp=0x000000005885e670
Event: 0.654 Thread 0x0000000056977000 DEOPT UNPACKING pc=0x00000000027f787f sp=0x000000005885e3e8 mode 0


Dynamic libraries:
0x000000013f3f0000 - 0x000000013f427000 	C:\Program Files\Java\jdk1.8.0_101\bin\java.exe
0x0000000076e00000 - 0x0000000076faa000 	C:\Windows\SYSTEM32\ntdll.dll
0x0000000076be0000 - 0x0000000076cff000 	C:\Windows\system32\kernel32.dll
0x000007fefcdb0000 - 0x000007fefce1a000 	C:\Windows\system32\KERNELBASE.dll
0x000007fefd220000 - 0x000007fefd2fb000 	C:\Windows\system32\ADVAPI32.dll
0x000007fefd300000 - 0x000007fefd39f000 	C:\Windows\system32\msvcrt.dll
0x000007fefdc10000 - 0x000007fefdc2f000 	C:\Windows\SYSTEM32\sechost.dll
0x000007fefed60000 - 0x000007fefee8d000 	C:\Windows\system32\RPCRT4.dll
0x0000000076d00000 - 0x0000000076dfa000 	C:\Windows\system32\USER32.dll
0x000007fefdd40000 - 0x000007fefdda7000 	C:\Windows\system32\GDI32.dll
0x000007fefed50000 - 0x000007fefed5e000 	C:\Windows\system32\LPK.dll
0x000007fefde90000 - 0x000007fefdf5a000 	C:\Windows\system32\USP10.dll
0x000007fefb4e0000 - 0x000007fefb6d4000 	C:\Windows\WinSxS\amd64_microsoft.windows.common-controls_6595b64144ccf1df_6.0.7601.18837_none_fa3b1e3d17594757\COMCTL32.dll
0x000007fefd790000 - 0x000007fefd801000 	C:\Windows\system32\SHLWAPI.dll
0x000007fefd1f0000 - 0x000007fefd21e000 	C:\Windows\system32\IMM32.DLL
0x000007fefdc30000 - 0x000007fefdd39000 	C:\Windows\system32\MSCTF.dll
0x000000006c240000 - 0x000000006c312000 	C:\Program Files\Java\jdk1.8.0_101\jre\bin\msvcr100.dll
0x000000006c760000 - 0x000000006cffa000 	C:\Program Files\Java\jdk1.8.0_101\jre\bin\server\jvm.dll
0x000007fef9120000 - 0x000007fef9129000 	C:\Windows\system32\WSOCK32.dll
0x000007fefdf60000 - 0x000007fefdfad000 	C:\Windows\system32\WS2_32.dll
0x000007fefdfb0000 - 0x000007fefdfb8000 	C:\Windows\system32\NSI.dll
0x000007fefa200000 - 0x000007fefa23b000 	C:\Windows\system32\WINMM.dll
0x000007fefbe60000 - 0x000007fefbe6c000 	C:\Windows\system32\VERSION.dll
0x0000000076fc0000 - 0x0000000076fc7000 	C:\Windows\system32\PSAPI.DLL
0x00000000740e0000 - 0x00000000740ef000 	C:\Program Files\Java\jdk1.8.0_101\jre\bin\verify.dll
0x00000000740b0000 - 0x00000000740d9000 	C:\Program Files\Java\jdk1.8.0_101\jre\bin\java.dll
0x0000000074090000 - 0x00000000740a6000 	C:\Program Files\Java\jdk1.8.0_101\jre\bin\zip.dll
0x000007fefdfc0000 - 0x000007fefed49000 	C:\Windows\system32\SHELL32.dll
0x000007fefda00000 - 0x000007fefdc03000 	C:\Windows\system32\ole32.dll
0x000007fefcd00000 - 0x000007fefcd0f000 	C:\Windows\system32\profapi.dll

VM Arguments:
jvm_args: -Djava.awt.headless=true -Xmx1024M -Dfile.encoding=GBK -Duser.country=CN -Duser.language=zh -Duser.variant 
java_command: com.android.dx.command.Main --dex --force-jumbo --num-threads=4 --multi-dex --output D:\android_code\socket.io-android-chat-master\app\build\intermediates\transforms\dex\debug\folders\1000\5\slice_8 D:\android_code\socket.io-android-chat-master\app\build\intermediates\transforms\instantRunSlicer\debug\folders\1\5\slice_8
java_class_path (initial): D:\Android\android-sdk\build-tools\26.0.0\lib\dx.jar
Launcher Type: SUN_STANDARD

Environment Variables:
JAVA_HOME=C:\Program Files\Java\jdk1.8.0_101
CLASSPATH=.;C:\Program Files\Java\jdk1.8.0_101\lib\dt.jar;C:\Program Files\Java\jdk1.8.0_101\lib\tools.jar
PATH=%MYSQL_HOME%\bin;C:\Program Files\Java\jdk1.8.0_101\bin;C:\Program Files\Java\jdk1.8.0_101\jre\bin;C:\ProgramData\Oracle\Java\javapath;C:\Windows\system32;C:\Windows;C:\Windows\System32\Wbem;C:\Windows\System32\WindowsPowerShell\v1.0\;C:\Program Files (x86)\NVIDIA Corporation\PhysX\Common;C:\apache-tomcat-7.0.61\lib;C:\apache-tomcat-7.0.61\bin;C:\Users\Howard\AppData\Local\Android\Sdk\platform-tools;C:\Program Files\VisualSVN Server\bin;C:\Program Files\TortoiseSVN\bin;C:\adb;C:\Program Files\Git\cmd;C:\Program Files\nodejs\;C:\Users\Howard\AppData\Local\Programs\Python\Python36-32;C:\Program Files\MySQL\MySQL Server 5.7\bin;C:\Program Files\Git\usr\bin;C:\Program Files\Android\Android Studio\gradle\gradle-2.10\bin;;C:\Program Files (x86)\Microsoft VS Code\bin;C:\Users\Howard\AppData\Roaming\npm
USERNAME=Howard
OS=Windows_NT
PROCESSOR_IDENTIFIER=Intel64 Family 6 Model 60 Stepping 3, GenuineIntel



---------------  S Y S T E M  ---------------

OS: Windows 7 , 64 bit Build 7601 (6.1.7601.23677)

CPU:total 8 (4 cores per cpu, 2 threads per core) family 6 model 60 stepping 3, cmov, cx8, fxsr, mmx, sse, sse2, sse3, ssse3, sse4.1, sse4.2, popcnt, avx, avx2, aes, clmul, erms, rtm, lzcnt, ht, tsc, tscinvbit, bmi1, bmi2

Memory: 4k page, physical 8338368k(1431868k free), swap 8336508k(5000k free)

vm_info: Java HotSpot(TM) 64-Bit Server VM (25.101-b13) for windows-amd64 JRE (1.8.0_101-b13), built on Jun 22 2016 01:21:29 by "java_re" with MS VC++ 10.0 (VS2010)

time: Thu Sep 07 16:14:20 2017
elapsed time: 0 seconds (0d 0h 0m 0s)

