#
# There is insufficient memory for the Java Runtime Environment to continue.
# Native memory allocation (malloc) failed to allocate 445136 bytes for Chunk::new
# Possible reasons:
#   The system is out of physical RAM or swap space
#   In 32 bit mode, the process size limit was hit
# Possible solutions:
#   Reduce memory load on the system
#   Increase physical memory or swap space
#   Check if swap backing store is full
#   Use 64 bit Java on a 64 bit OS
#   Decrease Java heap size (-Xmx/-Xms)
#   Decrease number of Java threads
#   Decrease Java thread stack sizes (-Xss)
#   Set larger code cache with -XX:ReservedCodeCacheSize=
# This output file may be truncated or incomplete.
#
#  Out of Memory Error (allocation.cpp:390), pid=7728, tid=0x0000000000001d70
#
# JRE version: Java(TM) SE Runtime Environment (8.0_101-b13) (build 1.8.0_101-b13)
# Java VM: Java HotSpot(TM) 64-Bit Server VM (25.101-b13 mixed mode windows-amd64 compressed oops)
# Failed to write core dump. Minidumps are not enabled by default on client versions of Windows
#

---------------  T H R E A D  ---------------

Current thread (0x000000005665c000):  JavaThread "C2 CompilerThread0" daemon [_thread_in_native, id=7536, stack(0x0000000057d60000,0x0000000057e60000)]

Stack: [0x0000000057d60000,0x0000000057e60000]
[error occurred during error reporting (printing stack bounds), id 0xc0000005]

Native frames: (J=compiled Java code, j=interpreted, Vv=VM code, C=native code)


Current CompileTask:
C2:    887 1147       4       com.android.dx.ssa.SCCP::simulateBranch (666 bytes)


---------------  P R O C E S S  ---------------

Java Threads: ( => current thread )
  0x0000000058676800 JavaThread "pool-2-thread-4" [_thread_in_Java, id=7200, stack(0x00000000595a0000,0x00000000596a0000)]
  0x0000000058671000 JavaThread "pool-2-thread-3" [_thread_blocked, id=6520, stack(0x0000000059430000,0x0000000059530000)]
  0x0000000058670800 JavaThread "pool-2-thread-2" [_thread_blocked, id=5640, stack(0x0000000059260000,0x0000000059360000)]
  0x0000000058696000 JavaThread "pool-3-thread-1" [_thread_blocked, id=6064, stack(0x00000000590a0000,0x00000000591a0000)]
  0x0000000058692800 JavaThread "pool-2-thread-1" [_thread_in_Java, id=4496, stack(0x0000000058f50000,0x0000000059050000)]
  0x00000000566fe000 JavaThread "Service Thread" daemon [_thread_blocked, id=7496, stack(0x0000000058310000,0x0000000058410000)]
  0x0000000056674000 JavaThread "C1 CompilerThread3" daemon [_thread_blocked, id=3624, stack(0x00000000580c0000,0x00000000581c0000)]
  0x000000005666b800 JavaThread "C2 CompilerThread2" daemon [_thread_in_native, id=5420, stack(0x0000000057e80000,0x0000000057f80000)]
  0x0000000056661000 JavaThread "C2 CompilerThread1" daemon [_thread_in_native, id=2112, stack(0x0000000057fa0000,0x00000000580a0000)]
=>0x000000005665c000 JavaThread "C2 CompilerThread0" daemon [_thread_in_native, id=7536, stack(0x0000000057d60000,0x0000000057e60000)]
  0x000000005664d800 JavaThread "Attach Listener" daemon [_thread_blocked, id=7868, stack(0x0000000057b60000,0x0000000057c60000)]
  0x0000000056659800 JavaThread "Signal Dispatcher" daemon [_thread_blocked, id=2252, stack(0x00000000579f0000,0x0000000057af0000)]
  0x000000005558f800 JavaThread "Finalizer" daemon [_thread_blocked, id=10804, stack(0x00000000577f0000,0x00000000578f0000)]
  0x0000000055588800 JavaThread "Reference Handler" daemon [_thread_blocked, id=1560, stack(0x0000000057580000,0x0000000057680000)]
  0x00000000025fe000 JavaThread "main" [_thread_in_Java, id=6200, stack(0x0000000002870000,0x0000000002970000)]

Other Threads:
  0x0000000055581800 VMThread [stack: 0x00000000576b0000,0x00000000577b0000] [id=8944]
  0x0000000056729800 WatcherThread [stack: 0x0000000058540000,0x0000000058640000] [id=7048]

VM state:not at safepoint (normal execution)

VM Mutex/Monitor currently owned by a thread: None

Heap:
 PSYoungGen      total 38400K, used 20345K [0x00000000eab00000, 0x00000000ef600000, 0x0000000100000000)
  eden space 33280K, 45% used [0x00000000eab00000,0x00000000eb9e2838,0x00000000ecb80000)
  from space 5120K, 99% used [0x00000000ecb80000,0x00000000ed07bcd8,0x00000000ed080000)
  to   space 5120K, 0% used [0x00000000ef100000,0x00000000ef100000,0x00000000ef600000)
 ParOldGen       total 87552K, used 1571K [0x00000000c0000000, 0x00000000c5580000, 0x00000000eab00000)
  object space 87552K, 1% used [0x00000000c0000000,0x00000000c0188ff8,0x00000000c5580000)
 Metaspace       used 6082K, capacity 6968K, committed 7040K, reserved 1056768K
  class space    used 608K, capacity 624K, committed 640K, reserved 1048576K

Card table byte_map: [0x0000000011d30000,0x0000000011f40000] byte_map_base: 0x0000000011730000

Marking Bits: (ParMarkBitMap*) 0x000000006cf7a6d0
 Begin Bits: [0x00000000129a0000, 0x00000000139a0000)
 End Bits:   [0x00000000139a0000, 0x00000000149a0000)

Polling page: 0x0000000000430000

CodeCache: size=245760Kb used=4458Kb max_used=4470Kb free=241302Kb
 bounds [0x0000000002970000, 0x0000000002de0000, 0x0000000011970000]
 total_blobs=1435 nmethods=1163 adapters=185
 compilation: enabled

Compilation events (10 events):
Event: 0.856 Thread 0x0000000056674000 1168       1       com.android.dx.rop.code.SourcePosition::getLine (5 bytes)
Event: 0.856 Thread 0x0000000056674000 nmethod 1168 0x0000000002dcc4d0 code [0x0000000002dcc620, 0x0000000002dcc730]
Event: 0.856 Thread 0x0000000056674000 1157       1       com.android.dx.command.dexer.Main::access$1400 (5 bytes)
Event: 0.856 Thread 0x0000000056674000 nmethod 1157 0x0000000002dcc790 code [0x0000000002dcc8e0, 0x0000000002dcc9d0]
Event: 0.856 Thread 0x0000000056674000 1155       1       sun.util.calendar.CalendarDate::getMonth (5 bytes)
Event: 0.856 Thread 0x0000000056674000 nmethod 1155 0x0000000002dcca50 code [0x0000000002dccba0, 0x0000000002dcccb0]
Event: 0.857 Thread 0x0000000056661000 nmethod 1142 0x0000000002dd03d0 code [0x0000000002dd0580, 0x0000000002dd0fe8]
Event: 0.857 Thread 0x0000000056661000 1149   !   4       com.android.dx.rop.code.BasicBlock::<init> (273 bytes)
Event: 0.864 Thread 0x0000000056661000 nmethod 1149 0x0000000002dd2110 code [0x0000000002dd2280, 0x0000000002dd28b8]
Event: 0.864 Thread 0x0000000056661000 1189       4       com.android.dx.ssa.back.LivenessAnalyzer::run (231 bytes)

GC Heap History (2 events):
Event: 0.678 GC heap before
{Heap before GC invocations=1 (full 0):
 PSYoungGen      total 38400K, used 33280K [0x00000000eab00000, 0x00000000ed580000, 0x0000000100000000)
  eden space 33280K, 100% used [0x00000000eab00000,0x00000000ecb80000,0x00000000ecb80000)
  from space 5120K, 0% used [0x00000000ed080000,0x00000000ed080000,0x00000000ed580000)
  to   space 5120K, 0% used [0x00000000ecb80000,0x00000000ecb80000,0x00000000ed080000)
 ParOldGen       total 87552K, used 0K [0x00000000c0000000, 0x00000000c5580000, 0x00000000eab00000)
  object space 87552K, 0% used [0x00000000c0000000,0x00000000c0000000,0x00000000c5580000)
 Metaspace       used 5948K, capacity 6840K, committed 7040K, reserved 1056768K
  class space    used 607K, capacity 624K, committed 640K, reserved 1048576K
Event: 0.766 GC heap after
Heap after GC invocations=1 (full 0):
 PSYoungGen      total 38400K, used 5103K [0x00000000eab00000, 0x00000000ef600000, 0x0000000100000000)
  eden space 33280K, 0% used [0x00000000eab00000,0x00000000eab00000,0x00000000ecb80000)
  from space 5120K, 99% used [0x00000000ecb80000,0x00000000ed07bcd8,0x00000000ed080000)
  to   space 5120K, 0% used [0x00000000ef100000,0x00000000ef100000,0x00000000ef600000)
 ParOldGen       total 87552K, used 1571K [0x00000000c0000000, 0x00000000c5580000, 0x00000000eab00000)
  object space 87552K, 1% used [0x00000000c0000000,0x00000000c0188ff8,0x00000000c5580000)
 Metaspace       used 5948K, capacity 6840K, committed 7040K, reserved 1056768K
  class space    used 607K, capacity 624K, committed 640K, reserved 1048576K
}

Deoptimization events (8 events):
Event: 0.371 Thread 0x0000000058670800 Uncommon trap: reason=unstable_if action=reinterpret pc=0x0000000002b9cd00 method=java.util.HashMap.getNode(ILjava/lang/Object;)Ljava/util/HashMap$Node; @ 129
Event: 0.426 Thread 0x0000000058692800 Uncommon trap: reason=unstable_if action=reinterpret pc=0x0000000002c0d344 method=com.android.dx.rop.cst.Constant.compareTo(Lcom/android/dx/rop/cst/Constant;)I @ 12
Event: 0.426 Thread 0x0000000058692800 Uncommon trap: reason=bimorphic action=maybe_recompile pc=0x0000000002bd9da0 method=java.util.HashMap.getNode(ILjava/lang/Object;)Ljava/util/HashMap$Node; @ 126
Event: 0.427 Thread 0x0000000058692800 Uncommon trap: reason=bimorphic action=maybe_recompile pc=0x0000000002bd9da0 method=java.util.HashMap.getNode(ILjava/lang/Object;)Ljava/util/HashMap$Node; @ 126
Event: 0.478 Thread 0x0000000058676800 Uncommon trap: reason=null_check action=make_not_entrant pc=0x0000000002c39b48 method=com.android.dx.ssa.SsaRenamer.getLocalForNewReg(I)Lcom/android/dx/rop/code/LocalItem; @ 19
Event: 0.527 Thread 0x0000000058671000 Uncommon trap: reason=unstable_if action=reinterpret pc=0x0000000002c0da38 method=com.android.dx.rop.code.RegisterSpec.equals(ILcom/android/dx/rop/type/TypeBearer;Lcom/android/dx/rop/code/LocalItem;)Z @ 42
Event: 0.873 Thread 0x0000000058676800 Uncommon trap: reason=bimorphic action=maybe_recompile pc=0x0000000002bd9da0 method=java.util.HashMap.getNode(ILjava/lang/Object;)Ljava/util/HashMap$Node; @ 126
Event: 0.874 Thread 0x0000000058676800 Uncommon trap: reason=class_check action=maybe_recompile pc=0x0000000002d807a0 method=java.util.HashMap.putVal(ILjava/lang/Object;Ljava/lang/Object;ZZ)Ljava/lang/Object; @ 203

Internal exceptions (3 events):
Event: 0.031 Thread 0x00000000025fe000 Exception <a 'java/lang/NoSuchMethodError': Method sun.misc.Unsafe.defineClass(Ljava/lang/String;[BII)Ljava/lang/Class; name or signature does not match> (0x00000000eab07cc0) thrown at [C:\re\workspace\8-2-build-windows-amd64-cygwin\jdk8u101\7261\hotspot\s˜Gq•ÝŸ?
Event: 0.031 Thread 0x00000000025fe000 Exception <a 'java/lang/NoSuchMethodError': Method sun.misc.Unsafe.prefetchRead(Ljava/lang/Object;J)V name or signature does not match> (0x00000000eab07fa8) thrown at [C:\re\workspace\8-2-build-windows-amd64-cygwin\jdk8u101\7261\hotspot\src\share\vm\prims\l:%HÍ—Þ?
Event: 0.478 Thread 0x0000000058676800 Implicit null exception at 0x0000000002c38262 to 0x0000000002c39b01

Events (10 events):
Event: 0.834 loading class com/android/dx/cf/code/BytecodeArray$ConstantParserVisitor
Event: 0.834 loading class com/android/dx/cf/code/BytecodeArray$ConstantParserVisitor done
Event: 0.868 Thread 0x00000000025fe000 DEOPT PACKING pc=0x0000000002c73bb5 sp=0x000000000296e590
Event: 0.868 Thread 0x00000000025fe000 DEOPT UNPACKING pc=0x00000000029b787f sp=0x000000000296e328 mode 0
Event: 0.873 Thread 0x0000000058676800 Uncommon trap: trap_request=0xffffffc6 fr.pc=0x0000000002bd9da0
Event: 0.874 Thread 0x0000000058676800 DEOPT PACKING pc=0x0000000002bd9da0 sp=0x000000005969e650
Event: 0.874 Thread 0x0000000058676800 DEOPT UNPACKING pc=0x00000000029b582a sp=0x000000005969e588 mode 2
Event: 0.874 Thread 0x0000000058676800 Uncommon trap: trap_request=0xffffffde fr.pc=0x0000000002d807a0
Event: 0.874 Thread 0x0000000058676800 DEOPT PACKING pc=0x0000000002d807a0 sp=0x000000005969e620
Event: 0.874 Thread 0x0000000058676800 DEOPT UNPACKING pc=0x00000000029b582a sp=0x000000005969e558 mode 2


Dynamic libraries:
0x000000013f3f0000 - 0x000000013f427000 	C:\Program Files\Java\jdk1.8.0_101\bin\java.exe
0x0000000076e00000 - 0x0000000076faa000 	C:\Windows\SYSTEM32\ntdll.dll
0x0000000076be0000 - 0x0000000076cff000 	C:\Windows\system32\kernel32.dll
0x000007fefcdb0000 - 0x000007fefce1a000 	C:\Windows\system32\KERNELBASE.dll
0x000007fefd220000 - 0x000007fefd2fb000 	C:\Windows\system32\ADVAPI32.dll
0x000007fefd300000 - 0x000007fefd39f000 	C:\Windows\system32\msvcrt.dll
0x000007fefdc10000 - 0x000007fefdc2f000 	C:\Windows\SYSTEM32\sechost.dll
0x000007fefed60000 - 0x000007fefee8d000 	C:\Windows\system32\RPCRT4.dll
0x0000000076d00000 - 0x0000000076dfa000 	C:\Windows\system32\USER32.dll
0x000007fefdd40000 - 0x000007fefdda7000 	C:\Windows\system32\GDI32.dll
0x000007fefed50000 - 0x000007fefed5e000 	C:\Windows\system32\LPK.dll
0x000007fefde90000 - 0x000007fefdf5a000 	C:\Windows\system32\USP10.dll
0x000007fefb4e0000 - 0x000007fefb6d4000 	C:\Windows\WinSxS\amd64_microsoft.windows.common-controls_6595b64144ccf1df_6.0.7601.18837_none_fa3b1e3d17594757\COMCTL32.dll
0x000007fefd790000 - 0x000007fefd801000 	C:\Windows\system32\SHLWAPI.dll
0x000007fefd1f0000 - 0x000007fefd21e000 	C:\Windows\system32\IMM32.DLL
0x000007fefdc30000 - 0x000007fefdd39000 	C:\Windows\system32\MSCTF.dll
0x000000006c240000 - 0x000000006c312000 	C:\Program Files\Java\jdk1.8.0_101\jre\bin\msvcr100.dll
0x000000006c760000 - 0x000000006cffa000 	C:\Program Files\Java\jdk1.8.0_101\jre\bin\server\jvm.dll
0x000007fef9120000 - 0x000007fef9129000 	C:\Windows\system32\WSOCK32.dll
0x000007fefdf60000 - 0x000007fefdfad000 	C:\Windows\system32\WS2_32.dll
0x000007fefdfb0000 - 0x000007fefdfb8000 	C:\Windows\system32\NSI.dll
0x000007fefa200000 - 0x000007fefa23b000 	C:\Windows\system32\WINMM.dll
0x000007fefbe60000 - 0x000007fefbe6c000 	C:\Windows\system32\VERSION.dll
0x0000000076fc0000 - 0x0000000076fc7000 	C:\Windows\system32\PSAPI.DLL
0x00000000740e0000 - 0x00000000740ef000 	C:\Program Files\Java\jdk1.8.0_101\jre\bin\verify.dll
0x00000000740b0000 - 0x00000000740d9000 	C:\Program Files\Java\jdk1.8.0_101\jre\bin\java.dll
0x0000000074090000 - 0x00000000740a6000 	C:\Program Files\Java\jdk1.8.0_101\jre\bin\zip.dll
0x000007fefdfc0000 - 0x000007fefed49000 	C:\Windows\system32\SHELL32.dll
0x000007fefda00000 - 0x000007fefdc03000 	C:\Windows\system32\ole32.dll
0x000007fefcd00000 - 0x000007fefcd0f000 	C:\Windows\system32\profapi.dll

VM Arguments:
jvm_args: -Djava.awt.headless=true -Xmx1024M -Dfile.encoding=GBK -Duser.country=CN -Duser.language=zh -Duser.variant 
java_command: com.android.dx.command.Main --dex --force-jumbo --num-threads=4 --multi-dex --output D:\android_code\socket.io-android-chat-master\app\build\intermediates\transforms\dex\debug\folders\1000\10\okhttp-3.5.0_ed8158be532e5363a5fa154a133d55656bbfda71 C:\Users\Howard\.gradle\caches\modules-2\files-2.1\com.squareup.okhttp3\okhttp\3.5.0\4b0bb6bfbecbdd42b97ff400af342bfe7f32bc83\okhttp-3.5.0.jar
java_class_path (initial): D:\Android\android-sdk\build-tools\26.0.0\lib\dx.jar
Launcher Type: SUN_STANDARD

Environment Variables:
JAVA_HOME=C:\Program Files\Java\jdk1.8.0_101
CLASSPATH=.;C:\Program Files\Java\jdk1.8.0_101\lib\dt.jar;C:\Program Files\Java\jdk1.8.0_101\lib\tools.jar
PATH=%MYSQL_HOME%\bin;C:\Program Files\Java\jdk1.8.0_101\bin;C:\Program Files\Java\jdk1.8.0_101\jre\bin;C:\ProgramData\Oracle\Java\javapath;C:\Windows\system32;C:\Windows;C:\Windows\System32\Wbem;C:\Windows\System32\WindowsPowerShell\v1.0\;C:\Program Files (x86)\NVIDIA Corporation\PhysX\Common;C:\apache-tomcat-7.0.61\lib;C:\apache-tomcat-7.0.61\bin;C:\Users\Howard\AppData\Local\Android\Sdk\platform-tools;C:\Program Files\VisualSVN Server\bin;C:\Program Files\TortoiseSVN\bin;C:\adb;C:\Program Files\Git\cmd;C:\Program Files\nodejs\;C:\Users\Howard\AppData\Local\Programs\Python\Python36-32;C:\Program Files\MySQL\MySQL Server 5.7\bin;C:\Program Files\Git\usr\bin;C:\Program Files\Android\Android Studio\gradle\gradle-2.10\bin;;C:\Program Files (x86)\Microsoft VS Code\bin;C:\Users\Howard\AppData\Roaming\npm
USERNAME=Howard
OS=Windows_NT
PROCESSOR_IDENTIFIER=Intel64 Family 6 Model 60 Stepping 3, GenuineIntel



---------------  S Y S T E M  ---------------

OS: Windows 7 , 64 bit Build 7601 (6.1.7601.23677)

CPU:total 8 (4 cores per cpu, 2 threads per core) family 6 model 60 stepping 3, cmov, cx8, fxsr, mmx, sse, sse2, sse3, ssse3, sse4.1, sse4.2, popcnt, avx, avx2, aes, clmul, erms, rtm, lzcnt, ht, tsc, tscinvbit, bmi1, bmi2

Memory: 4k page, physical 8338368k(1432140k free), swap 8336508k(5060k free)

vm_info: Java HotSpot(TM) 64-Bit Server VM (25.101-b13) for windows-amd64 JRE (1.8.0_101-b13), built on Jun 22 2016 01:21:29 by "java_re" with MS VC++ 10.0 (VS2010)

time: Thu Sep 07 16:14:20 2017
elapsed time: 0 seconds (0d 0h 0m 0s)

