#
# There is insufficient memory for the Java Runtime Environment to continue.
# Native memory allocation (malloc) failed to allocate 689136 bytes for Chunk::new
# Possible reasons:
#   The system is out of physical RAM or swap space
#   In 32 bit mode, the process size limit was hit
# Possible solutions:
#   Reduce memory load on the system
#   Increase physical memory or swap space
#   Check if swap backing store is full
#   Use 64 bit Java on a 64 bit OS
#   Decrease Java heap size (-Xmx/-Xms)
#   Decrease number of Java threads
#   Decrease Java thread stack sizes (-Xss)
#   Set larger code cache with -XX:ReservedCodeCacheSize=
# This output file may be truncated or incomplete.
#
#  Out of Memory Error (allocation.cpp:390), pid=5956, tid=0x00000000000005dc
#
# JRE version: Java(TM) SE Runtime Environment (8.0_101-b13) (build 1.8.0_101-b13)
# Java VM: Java HotSpot(TM) 64-Bit Server VM (25.101-b13 mixed mode windows-amd64 compressed oops)
# Failed to write core dump. Minidumps are not enabled by default on client versions of Windows
#

---------------  T H R E A D  ---------------

Current thread (0x00000000565cf000):  JavaThread "C2 CompilerThread1" daemon [_thread_in_native, id=1500, stack(0x0000000057840000,0x0000000057940000)]

Stack: [0x0000000057840000,0x0000000057940000]
[error occurred during error reporting (printing stack bounds), id 0xc0000005]

Native frames: (J=compiled Java code, j=interpreted, Vv=VM code, C=native code)


Current CompileTask:
C2:    924 1008   !   4       com.android.dx.cf.code.BytecodeArray::parseInstruction (2764 bytes)


---------------  P R O C E S S  ---------------

Java Threads: ( => current thread )
  0x0000000056830000 JavaThread "pool-1-thread-4" [_thread_blocked, id=6524, stack(0x00000000587d0000,0x00000000588d0000)]
  0x000000005682f000 JavaThread "pool-1-thread-3" [_thread_blocked, id=9792, stack(0x00000000582d0000,0x00000000583d0000)]
  0x000000005682d800 JavaThread "pool-1-thread-2" [_thread_blocked, id=7048, stack(0x0000000058620000,0x0000000058720000)]
  0x000000005682c800 JavaThread "pool-2-thread-1" [_thread_blocked, id=3708, stack(0x0000000057630000,0x0000000057730000)]
  0x0000000056828800 JavaThread "pool-1-thread-1" [_thread_blocked, id=6068, stack(0x00000000583d0000,0x00000000584d0000)]
  0x00000000565ec000 JavaThread "Service Thread" daemon [_thread_blocked, id=9180, stack(0x0000000057f10000,0x0000000058010000)]
  0x00000000565d7800 JavaThread "C1 CompilerThread3" daemon [_thread_blocked, id=6920, stack(0x00000000581c0000,0x00000000582c0000)]
  0x00000000565d2000 JavaThread "C2 CompilerThread2" daemon [_thread_in_native, id=8072, stack(0x0000000058030000,0x0000000058130000)]
=>0x00000000565cf000 JavaThread "C2 CompilerThread1" daemon [_thread_in_native, id=1500, stack(0x0000000057840000,0x0000000057940000)]
  0x00000000565ca000 JavaThread "C2 CompilerThread0" daemon [_thread_in_native, id=11144, stack(0x0000000057ca0000,0x0000000057da0000)]
  0x00000000565bc800 JavaThread "Attach Listener" daemon [_thread_blocked, id=7736, stack(0x0000000057dd0000,0x0000000057ed0000)]
  0x00000000565bb800 JavaThread "Signal Dispatcher" daemon [_thread_blocked, id=9284, stack(0x0000000057b90000,0x0000000057c90000)]
  0x0000000055607800 JavaThread "Finalizer" daemon [_thread_blocked, id=4644, stack(0x0000000057960000,0x0000000057a60000)]
  0x0000000055606800 JavaThread "Reference Handler" daemon [_thread_blocked, id=9852, stack(0x0000000057740000,0x0000000057840000)]
  0x000000000253e000 JavaThread "main" [_thread_blocked, id=9260, stack(0x00000000025a0000,0x00000000026a0000)]

Other Threads:
  0x0000000056562800 VMThread [stack: 0x0000000057520000,0x0000000057620000] [id=8604]
  0x00000000566b3800 WatcherThread [stack: 0x0000000057a70000,0x0000000057b70000] [id=4356]

VM state:not at safepoint (normal execution)

VM Mutex/Monitor currently owned by a thread: None

Heap:
 PSYoungGen      total 38400K, used 30210K [0x00000000eab00000, 0x00000000ed580000, 0x0000000100000000)
  eden space 33280K, 90% used [0x00000000eab00000,0x00000000ec880988,0x00000000ecb80000)
  from space 5120K, 0% used [0x00000000ed080000,0x00000000ed080000,0x00000000ed580000)
  to   space 5120K, 0% used [0x00000000ecb80000,0x00000000ecb80000,0x00000000ed080000)
 ParOldGen       total 87552K, used 0K [0x00000000c0000000, 0x00000000c5580000, 0x00000000eab00000)
  object space 87552K, 0% used [0x00000000c0000000,0x00000000c0000000,0x00000000c5580000)
 Metaspace       used 5997K, capacity 6904K, committed 7040K, reserved 1056768K
  class space    used 608K, capacity 624K, committed 640K, reserved 1048576K

Card table byte_map: [0x0000000011b20000,0x0000000011d30000] byte_map_base: 0x0000000011520000

Marking Bits: (ParMarkBitMap*) 0x000000006d9fa6d0
 Begin Bits: [0x0000000012a20000, 0x0000000013a20000)
 End Bits:   [0x0000000013a20000, 0x0000000014a20000)

Polling page: 0x0000000000140000

CodeCache: size=245760Kb used=4360Kb max_used=4364Kb free=241399Kb
 bounds [0x0000000002760000, 0x0000000002bb0000, 0x0000000011760000]
 total_blobs=1396 nmethods=1124 adapters=185
 compilation: enabled

Compilation events (10 events):
Event: 0.911 Thread 0x00000000565d7800 1121       3       com.android.dx.rop.code.PlainCstInsn::<init> (50 bytes)
Event: 0.911 Thread 0x00000000565ca000 nmethod 1125 0x0000000002ba8210 code [0x0000000002ba8380, 0x0000000002ba8778]
Event: 0.911 Thread 0x00000000565ca000 1127       4       com.android.dx.rop.code.RopMethod::labelToPredecessors (54 bytes)
Event: 0.911 Thread 0x00000000565d7800 nmethod 1121 0x0000000002ba6f50 code [0x0000000002ba7160, 0x0000000002ba7c78]
Event: 0.911 Thread 0x00000000565d7800 1118       3       java.util.TreeMap$PrivateEntryIterator::<init> (28 bytes)
Event: 0.912 Thread 0x00000000565d7800 nmethod 1118 0x0000000002ba6ad0 code [0x0000000002ba6c40, 0x0000000002ba6e50]
Event: 0.912 Thread 0x00000000565d7800 1119       3       com.android.dx.ssa.BasicRegisterMapper::oldToNew (22 bytes)
Event: 0.912 Thread 0x00000000565d7800 nmethod 1119 0x0000000002ba6590 code [0x0000000002ba6700, 0x0000000002ba69e8]
Event: 0.912 Thread 0x00000000565d7800 1110       3       com.android.dx.rop.code.PlainCstInsn::withNewRegisters (22 bytes)
Event: 0.912 Thread 0x00000000565d7800 nmethod 1110 0x0000000002ba5f90 code [0x0000000002ba6100, 0x0000000002ba64a8]

GC Heap History (0 events):
No events

Deoptimization events (7 events):
Event: 0.645 Thread 0x000000000253e000 Uncommon trap: reason=unstable_if action=reinterpret pc=0x0000000002964320 method=java.util.BitSet.nextSetBit(I)I @ 87
Event: 0.680 Thread 0x0000000056828800 Uncommon trap: reason=unstable_if action=reinterpret pc=0x000000000296a960 method=java.util.HashMap.getNode(ILjava/lang/Object;)Ljava/util/HashMap$Node; @ 129
Event: 0.735 Thread 0x0000000056830000 Uncommon trap: reason=bimorphic action=maybe_recompile pc=0x00000000029819f4 method=java.util.HashMap.getNode(ILjava/lang/Object;)Ljava/util/HashMap$Node; @ 126
Event: 0.773 Thread 0x000000005682d800 Uncommon trap: reason=unstable_if action=reinterpret pc=0x00000000029814e8 method=java.util.HashMap.getNode(ILjava/lang/Object;)Ljava/util/HashMap$Node; @ 129
Event: 0.825 Thread 0x0000000056828800 Uncommon trap: reason=unstable_if action=reinterpret pc=0x0000000002a5c928 method=com.android.dx.cf.code.Ropper.labelToResultIndex(I)I @ 34
Event: 0.833 Thread 0x000000005682f000 Uncommon trap: reason=null_check action=make_not_entrant pc=0x0000000002aabd18 method=com.android.dx.rop.type.Type.equals(Ljava/lang/Object;)Z @ 8
Event: 0.850 Thread 0x000000005682d800 Uncommon trap: reason=unstable_if action=reinterpret pc=0x0000000002abbaf4 method=com.android.dx.ssa.SsaRenamer$BlockRenamer.addMapping(ILcom/android/dx/rop/code/RegisterSpec;)V @ 120

Internal exceptions (3 events):
Event: 0.092 Thread 0x000000000253e000 Exception <a 'java/lang/NoSuchMethodError': Method sun.misc.Unsafe.defineClass(Ljava/lang/String;[BII)Ljava/lang/Class; name or signature does not match> (0x00000000eab07cc0) thrown at [C:\re\workspace\8-2-build-windows-amd64-cygwin\jdk8u101\7261\hotspot\sp>|£·?
Event: 0.092 Thread 0x000000000253e000 Exception <a 'java/lang/NoSuchMethodError': Method sun.misc.Unsafe.prefetchRead(Ljava/lang/Object;J)V name or signature does not match> (0x00000000eab07fa8) thrown at [C:\re\workspace\8-2-build-windows-amd64-cygwin\jdk8u101\7261\hotspot\src\share\vm\prims\â|'¿%¤ê?
Event: 0.833 Thread 0x000000005682f000 Implicit null exception at 0x0000000002aabc12 to 0x0000000002aabd0a

Events (10 events):
Event: 0.833 Thread 0x000000005682f000 DEOPT UNPACKING pc=0x00000000027a582a sp=0x00000000583ce3d8 mode 2
Event: 0.837 loading class java/util/TreeMap$EntrySet
Event: 0.837 loading class java/util/TreeMap$EntrySet done
Event: 0.837 loading class java/util/TreeMap$EntryIterator
Event: 0.837 loading class java/util/TreeMap$EntryIterator done
Event: 0.837 Executing VM operation: Deoptimize
Event: 0.837 Executing VM operation: Deoptimize done
Event: 0.850 Thread 0x000000005682d800 Uncommon trap: trap_request=0xffffff65 fr.pc=0x0000000002abbaf4
Event: 0.850 Thread 0x000000005682d800 DEOPT PACKING pc=0x0000000002abbaf4 sp=0x000000005871edc0
Event: 0.850 Thread 0x000000005682d800 DEOPT UNPACKING pc=0x00000000027a582a sp=0x000000005871ed50 mode 2


Dynamic libraries:
0x000000013f210000 - 0x000000013f247000 	C:\Program Files\Java\jdk1.8.0_101\bin\java.exe
0x0000000076e00000 - 0x0000000076faa000 	C:\Windows\SYSTEM32\ntdll.dll
0x0000000076be0000 - 0x0000000076cff000 	C:\Windows\system32\kernel32.dll
0x000007fefcdb0000 - 0x000007fefce1a000 	C:\Windows\system32\KERNELBASE.dll
0x000007fefd220000 - 0x000007fefd2fb000 	C:\Windows\system32\ADVAPI32.dll
0x000007fefd300000 - 0x000007fefd39f000 	C:\Windows\system32\msvcrt.dll
0x000007fefdc10000 - 0x000007fefdc2f000 	C:\Windows\SYSTEM32\sechost.dll
0x000007fefed60000 - 0x000007fefee8d000 	C:\Windows\system32\RPCRT4.dll
0x0000000076d00000 - 0x0000000076dfa000 	C:\Windows\system32\USER32.dll
0x000007fefdd40000 - 0x000007fefdda7000 	C:\Windows\system32\GDI32.dll
0x000007fefed50000 - 0x000007fefed5e000 	C:\Windows\system32\LPK.dll
0x000007fefde90000 - 0x000007fefdf5a000 	C:\Windows\system32\USP10.dll
0x000007fefb4e0000 - 0x000007fefb6d4000 	C:\Windows\WinSxS\amd64_microsoft.windows.common-controls_6595b64144ccf1df_6.0.7601.18837_none_fa3b1e3d17594757\COMCTL32.dll
0x000007fefd790000 - 0x000007fefd801000 	C:\Windows\system32\SHLWAPI.dll
0x000007fefd1f0000 - 0x000007fefd21e000 	C:\Windows\system32\IMM32.DLL
0x000007fefdc30000 - 0x000007fefdd39000 	C:\Windows\system32\MSCTF.dll
0x0000000065d70000 - 0x0000000065e42000 	C:\Program Files\Java\jdk1.8.0_101\jre\bin\msvcr100.dll
0x000000006d1e0000 - 0x000000006da7a000 	C:\Program Files\Java\jdk1.8.0_101\jre\bin\server\jvm.dll
0x000007fef9120000 - 0x000007fef9129000 	C:\Windows\system32\WSOCK32.dll
0x000007fefdf60000 - 0x000007fefdfad000 	C:\Windows\system32\WS2_32.dll
0x000007fefdfb0000 - 0x000007fefdfb8000 	C:\Windows\system32\NSI.dll
0x000007fefa200000 - 0x000007fefa23b000 	C:\Windows\system32\WINMM.dll
0x000007fefbe60000 - 0x000007fefbe6c000 	C:\Windows\system32\VERSION.dll
0x0000000076fc0000 - 0x0000000076fc7000 	C:\Windows\system32\PSAPI.DLL
0x00000000745b0000 - 0x00000000745bf000 	C:\Program Files\Java\jdk1.8.0_101\jre\bin\verify.dll
0x00000000740d0000 - 0x00000000740f9000 	C:\Program Files\Java\jdk1.8.0_101\jre\bin\java.dll
0x0000000074580000 - 0x0000000074596000 	C:\Program Files\Java\jdk1.8.0_101\jre\bin\zip.dll
0x000007fefdfc0000 - 0x000007fefed49000 	C:\Windows\system32\SHELL32.dll
0x000007fefda00000 - 0x000007fefdc03000 	C:\Windows\system32\ole32.dll
0x000007fefcd00000 - 0x000007fefcd0f000 	C:\Windows\system32\profapi.dll

VM Arguments:
jvm_args: -Djava.awt.headless=true -Xmx1024M -Dfile.encoding=GBK -Duser.country=CN -Duser.language=zh -Duser.variant 
java_command: com.android.dx.command.Main --dex --force-jumbo --num-threads=4 --output D:\android_code\socket.io-android-chat-master\SocketDemo\build\intermediates\pre-dexed\debug\engine.io-client-0.8.3_6e219e13994eae74bb8dae2a4967d544ca709c7d.jar C:\Users\Howard\.gradle\caches\modules-2\files-2.1\io.socket\engine.io-client\0.8.3\854b49396e1e9f9bb0ab025062ddb49c4ed65ca1\engine.io-client-0.8.3.jar
java_class_path (initial): D:\Android\android-sdk\build-tools\26.0.0\lib\dx.jar
Launcher Type: SUN_STANDARD

Environment Variables:
JAVA_HOME=C:\Program Files\Java\jdk1.8.0_101
CLASSPATH=.;C:\Program Files\Java\jdk1.8.0_101\lib\dt.jar;C:\Program Files\Java\jdk1.8.0_101\lib\tools.jar
PATH=%MYSQL_HOME%\bin;C:\Program Files\Java\jdk1.8.0_101\bin;C:\Program Files\Java\jdk1.8.0_101\jre\bin;C:\ProgramData\Oracle\Java\javapath;C:\Windows\system32;C:\Windows;C:\Windows\System32\Wbem;C:\Windows\System32\WindowsPowerShell\v1.0\;C:\Program Files (x86)\NVIDIA Corporation\PhysX\Common;C:\apache-tomcat-7.0.61\lib;C:\apache-tomcat-7.0.61\bin;C:\Users\Howard\AppData\Local\Android\Sdk\platform-tools;C:\Program Files\VisualSVN Server\bin;C:\Program Files\TortoiseSVN\bin;C:\adb;C:\Program Files\Git\cmd;C:\Program Files\nodejs\;C:\Users\Howard\AppData\Local\Programs\Python\Python36-32;C:\Program Files\MySQL\MySQL Server 5.7\bin;C:\Program Files\Git\usr\bin;C:\Program Files\Android\Android Studio\gradle\gradle-2.10\bin;;C:\Program Files (x86)\Microsoft VS Code\bin;C:\Users\Howard\AppData\Roaming\npm
USERNAME=Howard
OS=Windows_NT
PROCESSOR_IDENTIFIER=Intel64 Family 6 Model 60 Stepping 3, GenuineIntel



---------------  S Y S T E M  ---------------

OS: Windows 7 , 64 bit Build 7601 (6.1.7601.23677)

CPU:total 8 (4 cores per cpu, 2 threads per core) family 6 model 60 stepping 3, cmov, cx8, fxsr, mmx, sse, sse2, sse3, ssse3, sse4.1, sse4.2, popcnt, avx, avx2, aes, clmul, erms, rtm, lzcnt, ht, tsc, tscinvbit, bmi1, bmi2

Memory: 4k page, physical 8338368k(1570624k free), swap 8336508k(5536k free)

vm_info: Java HotSpot(TM) 64-Bit Server VM (25.101-b13) for windows-amd64 JRE (1.8.0_101-b13), built on Jun 22 2016 01:21:29 by "java_re" with MS VC++ 10.0 (VS2010)

time: Fri Sep 08 11:21:10 2017
elapsed time: 0 seconds (0d 0h 0m 0s)

