#
# There is insufficient memory for the Java Runtime Environment to continue.
# Native memory allocation (malloc) failed to allocate 233136 bytes for Chunk::new
# Possible reasons:
#   The system is out of physical RAM or swap space
#   In 32 bit mode, the process size limit was hit
# Possible solutions:
#   Reduce memory load on the system
#   Increase physical memory or swap space
#   Check if swap backing store is full
#   Use 64 bit Java on a 64 bit OS
#   Decrease Java heap size (-Xmx/-Xms)
#   Decrease number of Java threads
#   Decrease Java thread stack sizes (-Xss)
#   Set larger code cache with -XX:ReservedCodeCacheSize=
# This output file may be truncated or incomplete.
#
#  Out of Memory Error (allocation.cpp:390), pid=5760, tid=0x00000000000022a8
#
# JRE version: Java(TM) SE Runtime Environment (8.0_101-b13) (build 1.8.0_101-b13)
# Java VM: Java HotSpot(TM) 64-Bit Server VM (25.101-b13 mixed mode windows-amd64 compressed oops)
# Failed to write core dump. Minidumps are not enabled by default on client versions of Windows
#

---------------  T H R E A D  ---------------

Current thread (0x00000000566ce000):  JavaThread "C2 CompilerThread0" daemon [_thread_in_native, id=8872, stack(0x0000000057e00000,0x0000000057f00000)]

Stack: [0x0000000057e00000,0x0000000057f00000]
[error occurred during error reporting (printing stack bounds), id 0xc0000005]

Native frames: (J=compiled Java code, j=interpreted, Vv=VM code, C=native code)


Current CompileTask:
C2:   1309  902       4       com.android.dx.ssa.SCCP::simulateStmt (481 bytes)


---------------  P R O C E S S  ---------------

Java Threads: ( => current thread )
  0x0000000056941000 JavaThread "pool-2-thread-4" [_thread_in_Java, id=11000, stack(0x0000000058d50000,0x0000000058e50000)]
  0x0000000056940000 JavaThread "pool-2-thread-3" [_thread_blocked, id=8428, stack(0x0000000058800000,0x0000000058900000)]
  0x00000000568d3000 JavaThread "pool-2-thread-2" [_thread_blocked, id=10640, stack(0x00000000580f0000,0x00000000581f0000)]
  0x0000000056931800 JavaThread "pool-3-thread-1" [_thread_blocked, id=5400, stack(0x0000000058af0000,0x0000000058bf0000)]
  0x0000000056935800 JavaThread "pool-2-thread-1" [_thread_in_Java, id=7524, stack(0x0000000058910000,0x0000000058a10000)]
  0x0000000056761800 JavaThread "Service Thread" daemon [_thread_blocked, id=1164, stack(0x0000000058540000,0x0000000058640000)]
  0x00000000566e0000 JavaThread "C1 CompilerThread3" daemon [_thread_in_vm, id=7064, stack(0x00000000583e0000,0x00000000584e0000)]
  0x00000000566df800 JavaThread "C2 CompilerThread2" daemon [_thread_in_native, id=820, stack(0x00000000581f0000,0x00000000582f0000)]
  0x00000000566d8800 JavaThread "C2 CompilerThread1" daemon [_thread_in_native, id=10592, stack(0x0000000057fc0000,0x00000000580c0000)]
=>0x00000000566ce000 JavaThread "C2 CompilerThread0" daemon [_thread_in_native, id=8872, stack(0x0000000057e00000,0x0000000057f00000)]
  0x00000000566bf800 JavaThread "Attach Listener" daemon [_thread_blocked, id=8036, stack(0x0000000057cd0000,0x0000000057dd0000)]
  0x00000000566c9000 JavaThread "Signal Dispatcher" daemon [_thread_blocked, id=8060, stack(0x0000000057930000,0x0000000057a30000)]
  0x000000005581d800 JavaThread "Finalizer" daemon [_thread_blocked, id=10480, stack(0x0000000057ae0000,0x0000000057be0000)]
  0x0000000055816800 JavaThread "Reference Handler" daemon [_thread_blocked, id=10692, stack(0x00000000577f0000,0x00000000578f0000)]
  0x00000000002fe000 JavaThread "main" [_thread_blocked, id=7328, stack(0x0000000002890000,0x0000000002990000)]

Other Threads:
  0x0000000056660800 VMThread [stack: 0x0000000057640000,0x0000000057740000] [id=2004]
  0x0000000056773000 WatcherThread [stack: 0x00000000586e0000,0x00000000587e0000] [id=1692]

VM state:not at safepoint (normal execution)

VM Mutex/Monitor currently owned by a thread: None

Heap:
 PSYoungGen      total 38400K, used 12712K [0x00000000eab00000, 0x00000000ed580000, 0x0000000100000000)
  eden space 33280K, 22% used [0x00000000eab00000,0x00000000eb26b580,0x00000000ecb80000)
  from space 5120K, 99% used [0x00000000ecb80000,0x00000000ed07eaf8,0x00000000ed080000)
  to   space 5120K, 0% used [0x00000000ed080000,0x00000000ed080000,0x00000000ed580000)
 ParOldGen       total 87552K, used 1865K [0x00000000c0000000, 0x00000000c5580000, 0x00000000eab00000)
  object space 87552K, 2% used [0x00000000c0000000,0x00000000c01d2678,0x00000000c5580000)
 Metaspace       used 5921K, capacity 6960K, committed 7040K, reserved 1056768K
  class space    used 598K, capacity 616K, committed 640K, reserved 1048576K

Card table byte_map: [0x0000000011d50000,0x0000000011f60000] byte_map_base: 0x0000000011750000

Marking Bits: (ParMarkBitMap*) 0x000000006193a6d0
 Begin Bits: [0x0000000012c30000, 0x0000000013c30000)
 End Bits:   [0x0000000013c30000, 0x0000000014c30000)

Polling page: 0x0000000000130000

CodeCache: size=245760Kb used=3568Kb max_used=3568Kb free=242191Kb
 bounds [0x0000000002990000, 0x0000000002d10000, 0x0000000011990000]
 total_blobs=1214 nmethods=948 adapters=179
 compilation: enabled

Compilation events (10 events):
Event: 1.307 Thread 0x00000000566e0000 nmethod 1005 0x0000000002d0a650 code [0x0000000002d0a8c0, 0x0000000002d0b948]
Event: 1.307 Thread 0x00000000566e0000 1003       3       com.android.dx.rop.type.Type::getFrameType (5 bytes)
Event: 1.307 Thread 0x00000000566e0000 nmethod 1003 0x0000000002cf6f10 code [0x0000000002cf7080, 0x0000000002cf7288]
Event: 1.307 Thread 0x00000000566e0000 1001       3       com.android.dx.rop.type.Type::getFrameType (58 bytes)
Event: 1.307 Thread 0x00000000566e0000 nmethod 1001 0x0000000002cf6ad0 code [0x0000000002cf6c20, 0x0000000002cf6db0]
Event: 1.307 Thread 0x00000000566e0000 1009       3       com.android.dx.cf.code.Merger::isPossiblyAssignableFrom (202 bytes)
Event: 1.309 Thread 0x00000000566e0000 nmethod 1009 0x0000000002d0c210 code [0x0000000002d0c560, 0x0000000002d0e488]
Event: 1.309 Thread 0x00000000566e0000  929       3       com.android.dx.rop.code.RegisterSpec::getBasicType (10 bytes)
Event: 1.309 Thread 0x00000000566e0000 nmethod 929 0x0000000002cf89d0 code [0x0000000002cf8b40, 0x0000000002cf8d68]
Event: 1.309 Thread 0x00000000566e0000  976       3       com.android.dx.rop.code.RegisterSpec::intersect (169 bytes)

GC Heap History (2 events):
Event: 0.494 GC heap before
{Heap before GC invocations=1 (full 0):
 PSYoungGen      total 38400K, used 33280K [0x00000000eab00000, 0x00000000ed580000, 0x0000000100000000)
  eden space 33280K, 100% used [0x00000000eab00000,0x00000000ecb80000,0x00000000ecb80000)
  from space 5120K, 0% used [0x00000000ed080000,0x00000000ed080000,0x00000000ed580000)
  to   space 5120K, 0% used [0x00000000ecb80000,0x00000000ecb80000,0x00000000ed080000)
 ParOldGen       total 87552K, used 0K [0x00000000c0000000, 0x00000000c5580000, 0x00000000eab00000)
  object space 87552K, 0% used [0x00000000c0000000,0x00000000c0000000,0x00000000c5580000)
 Metaspace       used 5857K, capacity 6896K, committed 7040K, reserved 1056768K
  class space    used 598K, capacity 616K, committed 640K, reserved 1048576K
Event: 1.272 GC heap after
Heap after GC invocations=1 (full 0):
 PSYoungGen      total 38400K, used 5114K [0x00000000eab00000, 0x00000000ed580000, 0x0000000100000000)
  eden space 33280K, 0% used [0x00000000eab00000,0x00000000eab00000,0x00000000ecb80000)
  from space 5120K, 99% used [0x00000000ecb80000,0x00000000ed07eaf8,0x00000000ed080000)
  to   space 5120K, 0% used [0x00000000ed080000,0x00000000ed080000,0x00000000ed580000)
 ParOldGen       total 87552K, used 1865K [0x00000000c0000000, 0x00000000c5580000, 0x00000000eab00000)
  object space 87552K, 2% used [0x00000000c0000000,0x00000000c01d2678,0x00000000c5580000)
 Metaspace       used 5857K, capacity 6896K, committed 7040K, reserved 1056768K
  class space    used 598K, capacity 616K, committed 640K, reserved 1048576K
}

Deoptimization events (10 events):
Event: 0.391 Thread 0x00000000568d3000 Uncommon trap: reason=class_check action=maybe_recompile pc=0x0000000002b6e8e0 method=com.android.dx.ssa.NormalSsaInsn.accept(Lcom/android/dx/ssa/SsaInsn$Visitor;)V @ 9
Event: 0.394 Thread 0x0000000056941000 Uncommon trap: reason=class_check action=maybe_recompile pc=0x0000000002b6e8e0 method=com.android.dx.ssa.NormalSsaInsn.accept(Lcom/android/dx/ssa/SsaInsn$Visitor;)V @ 9
Event: 0.394 Thread 0x0000000056941000 Uncommon trap: reason=class_check action=maybe_recompile pc=0x0000000002b6e8e0 method=com.android.dx.ssa.NormalSsaInsn.accept(Lcom/android/dx/ssa/SsaInsn$Visitor;)V @ 9
Event: 0.394 Thread 0x0000000056941000 Uncommon trap: reason=class_check action=maybe_recompile pc=0x0000000002b6e8e0 method=com.android.dx.ssa.NormalSsaInsn.accept(Lcom/android/dx/ssa/SsaInsn$Visitor;)V @ 9
Event: 0.440 Thread 0x0000000056940000 Uncommon trap: reason=unstable_if action=reinterpret pc=0x0000000002bbf6c4 method=com.android.dx.rop.cst.Constant.compareTo(Lcom/android/dx/rop/cst/Constant;)I @ 12
Event: 0.474 Thread 0x00000000002fe000 Uncommon trap: reason=class_check action=maybe_recompile pc=0x0000000002c726ec method=com.android.dx.ssa.NormalSsaInsn.accept(Lcom/android/dx/ssa/SsaInsn$Visitor;)V @ 9
Event: 0.484 Thread 0x0000000056941000 Uncommon trap: reason=null_check action=make_not_entrant pc=0x0000000002bc06d8 method=com.android.dx.rop.type.Type.equals(Ljava/lang/Object;)Z @ 8
Event: 0.489 Thread 0x00000000002fe000 Uncommon trap: reason=unstable_if action=reinterpret pc=0x0000000002cafc8c method=com.android.dx.ssa.SsaMethod.updateOneDefinition(Lcom/android/dx/ssa/SsaInsn;Lcom/android/dx/rop/code/RegisterSpec;)V @ 4
Event: 1.301 Thread 0x0000000056935800 Uncommon trap: reason=bimorphic action=maybe_recompile pc=0x0000000002b9e224 method=java.util.HashMap.getNode(ILjava/lang/Object;)Ljava/util/HashMap$Node; @ 126
Event: 1.301 Thread 0x0000000056935800 Uncommon trap: reason=class_check action=maybe_recompile pc=0x0000000002cf1888 method=java.util.HashMap.putVal(ILjava/lang/Object;Ljava/lang/Object;ZZ)Ljava/lang/Object; @ 203

Internal exceptions (4 events):
Event: 0.029 Thread 0x00000000002fe000 Exception <a 'java/lang/NoSuchMethodError': Method sun.misc.Unsafe.defineClass(Ljava/lang/String;[BII)Ljava/lang/Class; name or signature does not match> (0x00000000eab07cc0) thrown at [C:\re\workspace\8-2-build-windows-amd64-cygwin\jdk8u101\7261\hotspot\s4–ÜMhù?
Event: 0.029 Thread 0x00000000002fe000 Exception <a 'java/lang/NoSuchMethodError': Method sun.misc.Unsafe.prefetchRead(Ljava/lang/Object;J)V name or signature does not match> (0x00000000eab07fa8) thrown at [C:\re\workspace\8-2-build-windows-amd64-cygwin\jdk8u101\7261\hotspot\src\share\vm\prims\%˚X6Ï∂ÿ?
Event: 0.386 Thread 0x00000000002fe000 Implicit null exception at 0x0000000002c1cb59 to 0x0000000002c1e379
Event: 0.484 Thread 0x0000000056941000 Implicit null exception at 0x0000000002bc05d2 to 0x0000000002bc06ca

Events (10 events):
Event: 0.494 Executing VM operation: ParallelGCFailedAllocation
Event: 1.272 Executing VM operation: ParallelGCFailedAllocation done
Event: 1.294 Thread 0x0000000056935800 DEOPT PACKING pc=0x0000000002c398ad sp=0x0000000058a0ea50
Event: 1.294 Thread 0x0000000056935800 DEOPT UNPACKING pc=0x00000000029d787f sp=0x0000000058a0e7c8 mode 0
Event: 1.301 Thread 0x0000000056935800 Uncommon trap: trap_request=0xffffffc6 fr.pc=0x0000000002b9e224
Event: 1.301 Thread 0x0000000056935800 DEOPT PACKING pc=0x0000000002b9e224 sp=0x0000000058a0e9d0
Event: 1.301 Thread 0x0000000056935800 DEOPT UNPACKING pc=0x00000000029d582a sp=0x0000000058a0e908 mode 2
Event: 1.301 Thread 0x0000000056935800 Uncommon trap: trap_request=0xffffffde fr.pc=0x0000000002cf1888
Event: 1.301 Thread 0x0000000056935800 DEOPT PACKING pc=0x0000000002cf1888 sp=0x0000000058a0e9b0
Event: 1.301 Thread 0x0000000056935800 DEOPT UNPACKING pc=0x00000000029d582a sp=0x0000000058a0e8d8 mode 2


Dynamic libraries:
0x000000013f7f0000 - 0x000000013f827000 	C:\Program Files\Java\jdk1.8.0_101\bin\java.exe
0x0000000076e00000 - 0x0000000076faa000 	C:\Windows\SYSTEM32\ntdll.dll
0x0000000076be0000 - 0x0000000076cff000 	C:\Windows\system32\kernel32.dll
0x000007fefcdb0000 - 0x000007fefce1a000 	C:\Windows\system32\KERNELBASE.dll
0x000007fefd220000 - 0x000007fefd2fb000 	C:\Windows\system32\ADVAPI32.dll
0x000007fefd300000 - 0x000007fefd39f000 	C:\Windows\system32\msvcrt.dll
0x000007fefdc10000 - 0x000007fefdc2f000 	C:\Windows\SYSTEM32\sechost.dll
0x000007fefed60000 - 0x000007fefee8d000 	C:\Windows\system32\RPCRT4.dll
0x0000000076d00000 - 0x0000000076dfa000 	C:\Windows\system32\USER32.dll
0x000007fefdd40000 - 0x000007fefdda7000 	C:\Windows\system32\GDI32.dll
0x000007fefed50000 - 0x000007fefed5e000 	C:\Windows\system32\LPK.dll
0x000007fefde90000 - 0x000007fefdf5a000 	C:\Windows\system32\USP10.dll
0x000007fefb4e0000 - 0x000007fefb6d4000 	C:\Windows\WinSxS\amd64_microsoft.windows.common-controls_6595b64144ccf1df_6.0.7601.18837_none_fa3b1e3d17594757\COMCTL32.dll
0x000007fefd790000 - 0x000007fefd801000 	C:\Windows\system32\SHLWAPI.dll
0x000007fefd1f0000 - 0x000007fefd21e000 	C:\Windows\system32\IMM32.DLL
0x000007fefdc30000 - 0x000007fefdd39000 	C:\Windows\system32\MSCTF.dll
0x000000006cc00000 - 0x000000006ccd2000 	C:\Program Files\Java\jdk1.8.0_101\jre\bin\msvcr100.dll
0x0000000061120000 - 0x00000000619ba000 	C:\Program Files\Java\jdk1.8.0_101\jre\bin\server\jvm.dll
0x000007fef9120000 - 0x000007fef9129000 	C:\Windows\system32\WSOCK32.dll
0x000007fefdf60000 - 0x000007fefdfad000 	C:\Windows\system32\WS2_32.dll
0x000007fefdfb0000 - 0x000007fefdfb8000 	C:\Windows\system32\NSI.dll
0x000007fefa200000 - 0x000007fefa23b000 	C:\Windows\system32\WINMM.dll
0x000007fefbe60000 - 0x000007fefbe6c000 	C:\Windows\system32\VERSION.dll
0x0000000076fc0000 - 0x0000000076fc7000 	C:\Windows\system32\PSAPI.DLL
0x00000000740d0000 - 0x00000000740df000 	C:\Program Files\Java\jdk1.8.0_101\jre\bin\verify.dll
0x00000000740a0000 - 0x00000000740c9000 	C:\Program Files\Java\jdk1.8.0_101\jre\bin\java.dll
0x0000000073580000 - 0x0000000073596000 	C:\Program Files\Java\jdk1.8.0_101\jre\bin\zip.dll
0x000007fefdfc0000 - 0x000007fefed49000 	C:\Windows\system32\SHELL32.dll
0x000007fefda00000 - 0x000007fefdc03000 	C:\Windows\system32\ole32.dll
0x000007fefcd00000 - 0x000007fefcd0f000 	C:\Windows\system32\profapi.dll

VM Arguments:
jvm_args: -Djava.awt.headless=true -Xmx1024M -Dfile.encoding=GBK -Duser.country=CN -Duser.language=zh -Duser.variant 
java_command: com.android.dx.command.Main --dex --force-jumbo --num-threads=4 --multi-dex --output D:\android_code\socket.io-android-chat-master\SocketDemo\build\intermediates\transforms\dex\debug\folders\1000\10\com.android.support-support-core-utils-26.0.0-alpha1_2c5c1dc8d72d647c635989727ea1f430f49e0b9a D:\android_code\socket.io-android-chat-master\SocketDemo\build\intermediates\exploded-aar\com.android.support\support-core-utils\26.0.0-alpha1\jars\classes.jar
java_class_path (initial): D:\Android\android-sdk\build-tools\26.0.0\lib\dx.jar
Launcher Type: SUN_STANDARD

Environment Variables:
JAVA_HOME=C:\Program Files\Java\jdk1.8.0_101
CLASSPATH=.;C:\Program Files\Java\jdk1.8.0_101\lib\dt.jar;C:\Program Files\Java\jdk1.8.0_101\lib\tools.jar
PATH=%MYSQL_HOME%\bin;C:\Program Files\Java\jdk1.8.0_101\bin;C:\Program Files\Java\jdk1.8.0_101\jre\bin;C:\ProgramData\Oracle\Java\javapath;C:\Windows\system32;C:\Windows;C:\Windows\System32\Wbem;C:\Windows\System32\WindowsPowerShell\v1.0\;C:\Program Files (x86)\NVIDIA Corporation\PhysX\Common;C:\apache-tomcat-7.0.61\lib;C:\apache-tomcat-7.0.61\bin;C:\Users\Howard\AppData\Local\Android\Sdk\platform-tools;C:\Program Files\VisualSVN Server\bin;C:\Program Files\TortoiseSVN\bin;C:\adb;C:\Program Files\Git\cmd;C:\Program Files\nodejs\;C:\Users\Howard\AppData\Local\Programs\Python\Python36-32;C:\Program Files\MySQL\MySQL Server 5.7\bin;C:\Program Files\Git\usr\bin;C:\Program Files\Android\Android Studio\gradle\gradle-2.10\bin;;C:\Program Files (x86)\Microsoft VS Code\bin;C:\Users\Howard\AppData\Roaming\npm
USERNAME=Howard
OS=Windows_NT
PROCESSOR_IDENTIFIER=Intel64 Family 6 Model 60 Stepping 3, GenuineIntel



---------------  S Y S T E M  ---------------

OS: Windows 7 , 64 bit Build 7601 (6.1.7601.23677)

CPU:total 8 (4 cores per cpu, 2 threads per core) family 6 model 60 stepping 3, cmov, cx8, fxsr, mmx, sse, sse2, sse3, ssse3, sse4.1, sse4.2, popcnt, avx, avx2, aes, clmul, erms, rtm, lzcnt, ht, tsc, tscinvbit, bmi1, bmi2

Memory: 4k page, physical 8338368k(1708400k free), swap 8336508k(4836k free)

vm_info: Java HotSpot(TM) 64-Bit Server VM (25.101-b13) for windows-amd64 JRE (1.8.0_101-b13), built on Jun 22 2016 01:21:29 by "java_re" with MS VC++ 10.0 (VS2010)

time: Thu Sep 07 17:52:04 2017
elapsed time: 1 seconds (0d 0h 0m 1s)

