#
# There is insufficient memory for the Java Runtime Environment to continue.
# Native memory allocation (malloc) failed to allocate 32744 bytes for ChunkPool::allocate
# Possible reasons:
#   The system is out of physical RAM or swap space
#   In 32 bit mode, the process size limit was hit
# Possible solutions:
#   Reduce memory load on the system
#   Increase physical memory or swap space
#   Check if swap backing store is full
#   Use 64 bit Java on a 64 bit OS
#   Decrease Java heap size (-Xmx/-Xms)
#   Decrease number of Java threads
#   Decrease Java thread stack sizes (-Xss)
#   Set larger code cache with -XX:ReservedCodeCacheSize=
# This output file may be truncated or incomplete.
#
#  Out of Memory Error (allocation.cpp:273), pid=1648, tid=0x000000000000287c
#
# JRE version: Java(TM) SE Runtime Environment (8.0_101-b13) (build 1.8.0_101-b13)
# Java VM: Java HotSpot(TM) 64-Bit Server VM (25.101-b13 mixed mode windows-amd64 compressed oops)
# Failed to write core dump. Minidumps are not enabled by default on client versions of Windows
#

---------------  T H R E A D  ---------------

Current thread (0x00000000567ad800):  JavaThread "C2 CompilerThread2" daemon [_thread_in_native, id=10364, stack(0x00000000581e0000,0x00000000582e0000)]

Stack: [0x00000000581e0000,0x00000000582e0000]
[error occurred during error reporting (printing stack bounds), id 0xc0000005]

Native frames: (J=compiled Java code, j=interpreted, Vv=VM code, C=native code)


Current CompileTask:
C2:   1129 1276       4       com.android.dx.ssa.LiteralOpUpgrader$1::visitNonMoveInsn (203 bytes)


---------------  P R O C E S S  ---------------

Java Threads: ( => current thread )
  0x0000000058886800 JavaThread "pool-1-thread-4" [_thread_in_Java, id=7520, stack(0x0000000059510000,0x0000000059610000)]
  0x0000000056ac8000 JavaThread "pool-1-thread-3" [_thread_blocked, id=5272, stack(0x0000000059170000,0x0000000059270000)]
  0x0000000056ac6000 JavaThread "pool-1-thread-2" [_thread_blocked, id=3720, stack(0x0000000058620000,0x0000000058720000)]
  0x0000000056ac3000 JavaThread "pool-2-thread-1" [_thread_blocked, id=880, stack(0x0000000059280000,0x0000000059380000)]
  0x0000000056ac2800 JavaThread "pool-1-thread-1" [_thread_blocked, id=8488, stack(0x0000000059050000,0x0000000059150000)]
  0x000000005684a000 JavaThread "Service Thread" daemon [_thread_blocked, id=7364, stack(0x00000000584e0000,0x00000000585e0000)]
  0x00000000567ae800 JavaThread "C1 CompilerThread3" daemon [_thread_blocked, id=2292, stack(0x0000000058350000,0x0000000058450000)]
=>0x00000000567ad800 JavaThread "C2 CompilerThread2" daemon [_thread_in_native, id=10364, stack(0x00000000581e0000,0x00000000582e0000)]
  0x00000000567a6800 JavaThread "C2 CompilerThread1" daemon [_thread_in_native, id=10468, stack(0x0000000058040000,0x0000000058140000)]
  0x0000000056798000 JavaThread "C2 CompilerThread0" daemon [_thread_in_native, id=5860, stack(0x0000000057e30000,0x0000000057f30000)]
  0x000000005678b800 JavaThread "Attach Listener" daemon [_thread_blocked, id=6112, stack(0x0000000057cf0000,0x0000000057df0000)]
  0x0000000056797000 JavaThread "Signal Dispatcher" daemon [_thread_blocked, id=4360, stack(0x0000000057b40000,0x0000000057c40000)]
  0x00000000555bd800 JavaThread "Finalizer" daemon [_thread_blocked, id=9980, stack(0x00000000579f0000,0x0000000057af0000)]
  0x00000000555b6800 JavaThread "Reference Handler" daemon [_thread_blocked, id=3604, stack(0x00000000576d0000,0x00000000577d0000)]
  0x00000000024de000 JavaThread "main" [_thread_in_Java, id=10304, stack(0x0000000002600000,0x0000000002700000)]

Other Threads:
  0x0000000056730800 VMThread [stack: 0x0000000057830000,0x0000000057930000] [id=456]
  0x00000000568a0000 WatcherThread [stack: 0x0000000058750000,0x0000000058850000] [id=1468]

VM state:not at safepoint (normal execution)

VM Mutex/Monitor currently owned by a thread: None

Heap:
 PSYoungGen      total 38400K, used 11194K [0x00000000eab00000, 0x00000000ef600000, 0x0000000100000000)
  eden space 33280K, 18% used [0x00000000eab00000,0x00000000eb0f1f78,0x00000000ecb80000)
  from space 5120K, 99% used [0x00000000ecb80000,0x00000000ed07cad8,0x00000000ed080000)
  to   space 5120K, 0% used [0x00000000ef100000,0x00000000ef100000,0x00000000ef600000)
 ParOldGen       total 87552K, used 1647K [0x00000000c0000000, 0x00000000c5580000, 0x00000000eab00000)
  object space 87552K, 1% used [0x00000000c0000000,0x00000000c019bc08,0x00000000c5580000)
 Metaspace       used 6115K, capacity 6968K, committed 7040K, reserved 1056768K
  class space    used 608K, capacity 624K, committed 640K, reserved 1048576K

Card table byte_map: [0x0000000011c10000,0x0000000011e20000] byte_map_base: 0x0000000011610000

Marking Bits: (ParMarkBitMap*) 0x000000006d9fa6d0
 Begin Bits: [0x00000000129d0000, 0x00000000139d0000)
 End Bits:   [0x00000000139d0000, 0x00000000149d0000)

Polling page: 0x0000000000230000

CodeCache: size=245760Kb used=4869Kb max_used=4882Kb free=240890Kb
 bounds [0x0000000002850000, 0x0000000002d20000, 0x0000000011850000]
 total_blobs=1538 nmethods=1266 adapters=185
 compilation: enabled

Compilation events (10 events):
Event: 1.118 Thread 0x00000000567ae800 1274       3       com.android.dx.cf.direct.AttributeListParser::getEndOffset (9 bytes)
Event: 1.118 Thread 0x00000000567ae800 nmethod 1274 0x0000000002d107d0 code [0x0000000002d10940, 0x0000000002d10b88]
Event: 1.118 Thread 0x00000000567ae800 1275       3       com.android.dx.cf.direct.AttributeListParser::getList (9 bytes)
Event: 1.118 Thread 0x00000000567ae800 nmethod 1275 0x0000000002d10350 code [0x0000000002d104c0, 0x0000000002d10708]
Event: 1.118 Thread 0x00000000567ae800 1278       3       com.android.dx.rop.cst.TypedConstant::getBasicFrameType (8 bytes)
Event: 1.118 Thread 0x00000000567ae800 nmethod 1278 0x0000000002d14190 code [0x0000000002d14300, 0x0000000002d145b8]
Event: 1.119 Thread 0x00000000567ae800 1279       3       com.android.dx.ssa.SsaConverter::edgeSplitPredecessors (44 bytes)
Event: 1.120 Thread 0x00000000567ae800 nmethod 1279 0x0000000002d14690 code [0x0000000002d14880, 0x0000000002d15208]
Event: 1.122 Thread 0x00000000567ad800 nmethod 1255 0x0000000002d18c10 code [0x0000000002d18da0, 0x0000000002d195e8]
Event: 1.122 Thread 0x00000000567ad800 1276       4       com.android.dx.ssa.LiteralOpUpgrader$1::visitNonMoveInsn (203 bytes)

GC Heap History (2 events):
Event: 0.867 GC heap before
{Heap before GC invocations=1 (full 0):
 PSYoungGen      total 38400K, used 33280K [0x00000000eab00000, 0x00000000ed580000, 0x0000000100000000)
  eden space 33280K, 100% used [0x00000000eab00000,0x00000000ecb80000,0x00000000ecb80000)
  from space 5120K, 0% used [0x00000000ed080000,0x00000000ed080000,0x00000000ed580000)
  to   space 5120K, 0% used [0x00000000ecb80000,0x00000000ecb80000,0x00000000ed080000)
 ParOldGen       total 87552K, used 0K [0x00000000c0000000, 0x00000000c5580000, 0x00000000eab00000)
  object space 87552K, 0% used [0x00000000c0000000,0x00000000c0000000,0x00000000c5580000)
 Metaspace       used 6065K, capacity 6968K, committed 7040K, reserved 1056768K
  class space    used 607K, capacity 624K, committed 640K, reserved 1048576K
Event: 0.945 GC heap after
Heap after GC invocations=1 (full 0):
 PSYoungGen      total 38400K, used 5106K [0x00000000eab00000, 0x00000000ef600000, 0x0000000100000000)
  eden space 33280K, 0% used [0x00000000eab00000,0x00000000eab00000,0x00000000ecb80000)
  from space 5120K, 99% used [0x00000000ecb80000,0x00000000ed07cad8,0x00000000ed080000)
  to   space 5120K, 0% used [0x00000000ef100000,0x00000000ef100000,0x00000000ef600000)
 ParOldGen       total 87552K, used 1647K [0x00000000c0000000, 0x00000000c5580000, 0x00000000eab00000)
  object space 87552K, 1% used [0x00000000c0000000,0x00000000c019bc08,0x00000000c5580000)
 Metaspace       used 6065K, capacity 6968K, committed 7040K, reserved 1056768K
  class space    used 607K, capacity 624K, committed 640K, reserved 1048576K
}

Deoptimization events (6 events):
Event: 0.448 Thread 0x00000000024de000 Uncommon trap: reason=unstable_if action=reinterpret pc=0x0000000002a0c310 method=java.lang.String.<init>([CII)V @ 18
Event: 0.457 Thread 0x0000000056ac2800 Uncommon trap: reason=unstable_if action=reinterpret pc=0x0000000002a7be6c method=java.util.HashMap.getNode(ILjava/lang/Object;)Ljava/util/HashMap$Node; @ 129
Event: 0.459 Thread 0x0000000056ac6000 Uncommon trap: reason=unstable_if action=reinterpret pc=0x0000000002a7cae0 method=java.util.BitSet.nextSetBit(I)I @ 87
Event: 0.710 Thread 0x0000000056ac2800 Uncommon trap: reason=unstable_if action=reinterpret pc=0x0000000002afb7b4 method=com.android.dx.ssa.SsaRenamer$BlockRenamer.addMapping(ILcom/android/dx/rop/code/RegisterSpec;)V @ 120
Event: 0.720 Thread 0x0000000058886800 Uncommon trap: reason=unstable_if action=reinterpret pc=0x0000000002b59544 method=com.android.dx.ssa.SsaMethod.onSourcesChanged(Lcom/android/dx/ssa/SsaInsn;Lcom/android/dx/rop/code/RegisterSpecList;)V @ 4
Event: 0.781 Thread 0x0000000056ac6000 Uncommon trap: reason=null_check action=make_not_entrant pc=0x0000000002b9d498 method=com.android.dx.rop.type.Type.equals(Ljava/lang/Object;)Z @ 8

Internal exceptions (3 events):
Event: 0.040 Thread 0x00000000024de000 Exception <a 'java/lang/NoSuchMethodError': Method sun.misc.Unsafe.defineClass(Ljava/lang/String;[BII)Ljava/lang/Class; name or signature does not match> (0x00000000eab07cc0) thrown at [C:\re\workspace\8-2-build-windows-amd64-cygwin\jdk8u101\7261\hotspot\sä3è˝Âf§?
Event: 0.040 Thread 0x00000000024de000 Exception <a 'java/lang/NoSuchMethodError': Method sun.misc.Unsafe.prefetchRead(Ljava/lang/Object;J)V name or signature does not match> (0x00000000eab07fa8) thrown at [C:\re\workspace\8-2-build-windows-amd64-cygwin\jdk8u101\7261\hotspot\src\share\vm\prims\\0$^AÈ?
Event: 0.781 Thread 0x0000000056ac6000 Implicit null exception at 0x0000000002b9d392 to 0x0000000002b9d48a

Events (10 events):
Event: 0.720 Thread 0x0000000058886800 DEOPT UNPACKING pc=0x000000000289582a sp=0x000000005960e4a0 mode 2
Event: 0.781 Thread 0x0000000056ac6000 Uncommon trap: trap_request=0xfffffff4 fr.pc=0x0000000002b9d498
Event: 0.781 Thread 0x0000000056ac6000 DEOPT PACKING pc=0x0000000002b9d498 sp=0x000000005871ea80
Event: 0.781 Thread 0x0000000056ac6000 DEOPT UNPACKING pc=0x000000000289582a sp=0x000000005871ea18 mode 2
Event: 0.818 Executing VM operation: ForceSafepoint
Event: 0.838 Executing VM operation: ForceSafepoint done
Event: 0.867 Executing VM operation: ParallelGCFailedAllocation
Event: 0.945 Executing VM operation: ParallelGCFailedAllocation done
Event: 1.008 loading class com/android/dx/cf/attrib/AttAnnotationDefault
Event: 1.008 loading class com/android/dx/cf/attrib/AttAnnotationDefault done


Dynamic libraries:
0x000000013f210000 - 0x000000013f247000 	C:\Program Files\Java\jdk1.8.0_101\bin\java.exe
0x0000000076e00000 - 0x0000000076faa000 	C:\Windows\SYSTEM32\ntdll.dll
0x0000000076be0000 - 0x0000000076cff000 	C:\Windows\system32\kernel32.dll
0x000007fefcdb0000 - 0x000007fefce1a000 	C:\Windows\system32\KERNELBASE.dll
0x000007fefd220000 - 0x000007fefd2fb000 	C:\Windows\system32\ADVAPI32.dll
0x000007fefd300000 - 0x000007fefd39f000 	C:\Windows\system32\msvcrt.dll
0x000007fefdc10000 - 0x000007fefdc2f000 	C:\Windows\SYSTEM32\sechost.dll
0x000007fefed60000 - 0x000007fefee8d000 	C:\Windows\system32\RPCRT4.dll
0x0000000076d00000 - 0x0000000076dfa000 	C:\Windows\system32\USER32.dll
0x000007fefdd40000 - 0x000007fefdda7000 	C:\Windows\system32\GDI32.dll
0x000007fefed50000 - 0x000007fefed5e000 	C:\Windows\system32\LPK.dll
0x000007fefde90000 - 0x000007fefdf5a000 	C:\Windows\system32\USP10.dll
0x000007fefb4e0000 - 0x000007fefb6d4000 	C:\Windows\WinSxS\amd64_microsoft.windows.common-controls_6595b64144ccf1df_6.0.7601.18837_none_fa3b1e3d17594757\COMCTL32.dll
0x000007fefd790000 - 0x000007fefd801000 	C:\Windows\system32\SHLWAPI.dll
0x000007fefd1f0000 - 0x000007fefd21e000 	C:\Windows\system32\IMM32.DLL
0x000007fefdc30000 - 0x000007fefdd39000 	C:\Windows\system32\MSCTF.dll
0x0000000065d70000 - 0x0000000065e42000 	C:\Program Files\Java\jdk1.8.0_101\jre\bin\msvcr100.dll
0x000000006d1e0000 - 0x000000006da7a000 	C:\Program Files\Java\jdk1.8.0_101\jre\bin\server\jvm.dll
0x000007fef9120000 - 0x000007fef9129000 	C:\Windows\system32\WSOCK32.dll
0x000007fefdf60000 - 0x000007fefdfad000 	C:\Windows\system32\WS2_32.dll
0x000007fefdfb0000 - 0x000007fefdfb8000 	C:\Windows\system32\NSI.dll
0x000007fefa200000 - 0x000007fefa23b000 	C:\Windows\system32\WINMM.dll
0x000007fefbe60000 - 0x000007fefbe6c000 	C:\Windows\system32\VERSION.dll
0x0000000076fc0000 - 0x0000000076fc7000 	C:\Windows\system32\PSAPI.DLL
0x00000000745b0000 - 0x00000000745bf000 	C:\Program Files\Java\jdk1.8.0_101\jre\bin\verify.dll
0x00000000740d0000 - 0x00000000740f9000 	C:\Program Files\Java\jdk1.8.0_101\jre\bin\java.dll
0x0000000074580000 - 0x0000000074596000 	C:\Program Files\Java\jdk1.8.0_101\jre\bin\zip.dll
0x000007fefdfc0000 - 0x000007fefed49000 	C:\Windows\system32\SHELL32.dll
0x000007fefda00000 - 0x000007fefdc03000 	C:\Windows\system32\ole32.dll
0x000007fefcd00000 - 0x000007fefcd0f000 	C:\Windows\system32\profapi.dll

VM Arguments:
jvm_args: -Djava.awt.headless=true -Xmx1024M -Dfile.encoding=GBK -Duser.country=CN -Duser.language=zh -Duser.variant 
java_command: com.android.dx.command.Main --dex --force-jumbo --num-threads=4 --output D:\android_code\socket.io-android-chat-master\SocketDemo\build\intermediates\pre-dexed\debug\gson-2.8.1_afcca5e9a45a597f9ac8951ed28f374907f96dea.jar C:\Users\Howard\.gradle\caches\modules-2\files-2.1\com.google.code.gson\gson\2.8.1\2a8e0aa38a2e21cb39e2f5a7d6704cbdc941da0\gson-2.8.1.jar
java_class_path (initial): D:\Android\android-sdk\build-tools\26.0.0\lib\dx.jar
Launcher Type: SUN_STANDARD

Environment Variables:
JAVA_HOME=C:\Program Files\Java\jdk1.8.0_101
CLASSPATH=.;C:\Program Files\Java\jdk1.8.0_101\lib\dt.jar;C:\Program Files\Java\jdk1.8.0_101\lib\tools.jar
PATH=%MYSQL_HOME%\bin;C:\Program Files\Java\jdk1.8.0_101\bin;C:\Program Files\Java\jdk1.8.0_101\jre\bin;C:\ProgramData\Oracle\Java\javapath;C:\Windows\system32;C:\Windows;C:\Windows\System32\Wbem;C:\Windows\System32\WindowsPowerShell\v1.0\;C:\Program Files (x86)\NVIDIA Corporation\PhysX\Common;C:\apache-tomcat-7.0.61\lib;C:\apache-tomcat-7.0.61\bin;C:\Users\Howard\AppData\Local\Android\Sdk\platform-tools;C:\Program Files\VisualSVN Server\bin;C:\Program Files\TortoiseSVN\bin;C:\adb;C:\Program Files\Git\cmd;C:\Program Files\nodejs\;C:\Users\Howard\AppData\Local\Programs\Python\Python36-32;C:\Program Files\MySQL\MySQL Server 5.7\bin;C:\Program Files\Git\usr\bin;C:\Program Files\Android\Android Studio\gradle\gradle-2.10\bin;;C:\Program Files (x86)\Microsoft VS Code\bin;C:\Users\Howard\AppData\Roaming\npm
USERNAME=Howard
OS=Windows_NT
PROCESSOR_IDENTIFIER=Intel64 Family 6 Model 60 Stepping 3, GenuineIntel



---------------  S Y S T E M  ---------------

OS: Windows 7 , 64 bit Build 7601 (6.1.7601.23677)

CPU:total 8 (4 cores per cpu, 2 threads per core) family 6 model 60 stepping 3, cmov, cx8, fxsr, mmx, sse, sse2, sse3, ssse3, sse4.1, sse4.2, popcnt, avx, avx2, aes, clmul, erms, rtm, lzcnt, ht, tsc, tscinvbit, bmi1, bmi2

Memory: 4k page, physical 8338368k(1522308k free), swap 8336508k(5568k free)

vm_info: Java HotSpot(TM) 64-Bit Server VM (25.101-b13) for windows-amd64 JRE (1.8.0_101-b13), built on Jun 22 2016 01:21:29 by "java_re" with MS VC++ 10.0 (VS2010)

time: Fri Sep 08 11:21:06 2017
elapsed time: 1 seconds (0d 0h 0m 1s)

