#
# There is insufficient memory for the Java Runtime Environment to continue.
# Native memory allocation (malloc) failed to allocate 271840 bytes for Chunk::new
# Possible reasons:
#   The system is out of physical RAM or swap space
#   In 32 bit mode, the process size limit was hit
# Possible solutions:
#   Reduce memory load on the system
#   Increase physical memory or swap space
#   Check if swap backing store is full
#   Use 64 bit Java on a 64 bit OS
#   Decrease Java heap size (-Xmx/-Xms)
#   Decrease number of Java threads
#   Decrease Java thread stack sizes (-Xss)
#   Set larger code cache with -XX:ReservedCodeCacheSize=
# This output file may be truncated or incomplete.
#
#  Out of Memory Error (allocation.cpp:390), pid=5516, tid=0x000000000000130c
#
# JRE version: Java(TM) SE Runtime Environment (8.0_101-b13) (build 1.8.0_101-b13)
# Java VM: Java HotSpot(TM) 64-Bit Server VM (25.101-b13 mixed mode windows-amd64 compressed oops)
# Failed to write core dump. Minidumps are not enabled by default on client versions of Windows
#

---------------  T H R E A D  ---------------

Current thread (0x0000000056645000):  JavaThread "C2 CompilerThread1" daemon [_thread_in_native, id=4876, stack(0x0000000057e10000,0x0000000057f10000)]

Stack: [0x0000000057e10000,0x0000000057f10000]
[error occurred during error reporting (printing stack bounds), id 0xc0000005]

Native frames: (J=compiled Java code, j=interpreted, Vv=VM code, C=native code)


Current CompileTask:
C2:    594  803   !   4       com.android.dx.cf.code.BytecodeArray::parseInstruction (2764 bytes)


---------------  P R O C E S S  ---------------

Java Threads: ( => current thread )
  0x00000000568f7800 JavaThread "pool-2-thread-4" [_thread_blocked, id=10160, stack(0x0000000058a30000,0x0000000058b30000)]
  0x00000000568f5000 JavaThread "pool-2-thread-3" [_thread_blocked, id=10748, stack(0x00000000588e0000,0x00000000589e0000)]
  0x00000000568ee800 JavaThread "pool-2-thread-2" [_thread_blocked, id=8488, stack(0x0000000057d10000,0x0000000057e10000)]
  0x00000000567c8000 JavaThread "pool-3-thread-1" [_thread_blocked, id=7456, stack(0x00000000586c0000,0x00000000587c0000)]
  0x0000000056779000 JavaThread "pool-2-thread-1" [_thread_blocked, id=5744, stack(0x0000000058580000,0x0000000058680000)]
  0x00000000566ec000 JavaThread "Service Thread" daemon [_thread_blocked, id=9512, stack(0x0000000058280000,0x0000000058380000)]
  0x0000000056697800 JavaThread "C1 CompilerThread3" daemon [_thread_blocked, id=6332, stack(0x0000000058160000,0x0000000058260000)]
  0x0000000056696800 JavaThread "C2 CompilerThread2" daemon [_thread_blocked, id=10912, stack(0x0000000057fb0000,0x00000000580b0000)]
=>0x0000000056645000 JavaThread "C2 CompilerThread1" daemon [_thread_in_native, id=4876, stack(0x0000000057e10000,0x0000000057f10000)]
  0x000000005663b000 JavaThread "C2 CompilerThread0" daemon [_thread_blocked, id=3816, stack(0x0000000057590000,0x0000000057690000)]
  0x000000005662f000 JavaThread "Attach Listener" daemon [_thread_blocked, id=940, stack(0x0000000057a70000,0x0000000057b70000)]
  0x0000000056618000 JavaThread "Signal Dispatcher" daemon [_thread_blocked, id=3548, stack(0x0000000057b80000,0x0000000057c80000)]
  0x0000000055680000 JavaThread "Finalizer" daemon [_thread_blocked, id=10512, stack(0x0000000057970000,0x0000000057a70000)]
  0x0000000055679800 JavaThread "Reference Handler" daemon [_thread_blocked, id=3444, stack(0x0000000057870000,0x0000000057970000)]
  0x00000000024be000 JavaThread "main" [_thread_blocked, id=4408, stack(0x0000000002830000,0x0000000002930000)]

Other Threads:
  0x0000000055670800 VMThread [stack: 0x00000000576f0000,0x00000000577f0000] [id=1520]
  0x00000000566f2000 WatcherThread [stack: 0x0000000058480000,0x0000000058580000] [id=7944]

VM state:at safepoint (normal execution)

VM Mutex/Monitor currently owned by a thread:  ([mutex/lock_event])
[0x00000000024bc7d0] Threads_lock - owner thread: 0x0000000055670800
[0x00000000024bccd0] Heap_lock - owner thread: 0x0000000056779000

Heap:
 PSYoungGen      total 38400K, used 33280K [0x00000000eab00000, 0x00000000ed580000, 0x0000000100000000)
  eden space 33280K, 100% used [0x00000000eab00000,0x00000000ecb80000,0x00000000ecb80000)
  from space 5120K, 0% used [0x00000000ed080000,0x00000000ed080000,0x00000000ed580000)
  to   space 5120K, 16% used [0x00000000ecb80000,0x00000000ecc51120,0x00000000ed080000)
 ParOldGen       total 87552K, used 8K [0x00000000c0000000, 0x00000000c5580000, 0x00000000eab00000)
  object space 87552K, 0% used [0x00000000c0000000,0x00000000c0002000,0x00000000c5580000)
 Metaspace       used 5731K, capacity 6832K, committed 7040K, reserved 1056768K
  class space    used 586K, capacity 616K, committed 640K, reserved 1048576K

Card table byte_map: [0x0000000011cf0000,0x0000000011f00000] byte_map_base: 0x00000000116f0000

Marking Bits: (ParMarkBitMap*) 0x000000006193a6d0
 Begin Bits: [0x0000000012a90000, 0x0000000013a90000)
 End Bits:   [0x0000000013a90000, 0x0000000014a90000)

Polling page: 0x0000000000230000

CodeCache: size=245760Kb used=3682Kb max_used=3693Kb free=242077Kb
 bounds [0x0000000002930000, 0x0000000002cd0000, 0x0000000011930000]
 total_blobs=1152 nmethods=887 adapters=178
 compilation: enabled

Compilation events (10 events):
Event: 0.572 Thread 0x000000005663b000 nmethod 892 0x0000000002cc8110 code [0x0000000002cc8260, 0x0000000002cc87b8]
Event: 0.572 Thread 0x000000005663b000  893       4       com.android.dx.ssa.NormalSsaInsn::mapSourceRegisters (48 bytes)
Event: 0.578 Thread 0x0000000056696800 nmethod 894 0x0000000002ccb390 code [0x0000000002ccb520, 0x0000000002ccbe98]
Event: 0.578 Thread 0x0000000056696800  913       4       com.android.dx.rop.code.PlainInsn::accept (8 bytes)
Event: 0.578 Thread 0x0000000056696800 nmethod 913 0x0000000002c562d0 code [0x0000000002c56400, 0x0000000002c56478]
Event: 0.578 Thread 0x0000000056696800  903       4       com.android.dx.ssa.NormalSsaInsn::hasSideEffect (76 bytes)
Event: 0.580 Thread 0x0000000056696800 nmethod 903 0x0000000002ccae50 code [0x0000000002ccafa0, 0x0000000002ccb0f8]
Event: 0.580 Thread 0x0000000056696800  856       4       java.util.ArrayList::<init> (12 bytes)
Event: 0.580 Thread 0x0000000056696800 nmethod 856 0x0000000002cacb10 code [0x0000000002cacc40, 0x0000000002caccb8]
Event: 0.580 Thread 0x0000000056696800  906       4       com.android.dx.ssa.DeadCodeRemover::hasSideEffect (11 bytes)

GC Heap History (1 events):
Event: 0.593 GC heap before
{Heap before GC invocations=1 (full 0):
 PSYoungGen      total 38400K, used 33280K [0x00000000eab00000, 0x00000000ed580000, 0x0000000100000000)
  eden space 33280K, 100% used [0x00000000eab00000,0x00000000ecb80000,0x00000000ecb80000)
  from space 5120K, 0% used [0x00000000ed080000,0x00000000ed080000,0x00000000ed580000)
  to   space 5120K, 0% used [0x00000000ecb80000,0x00000000ecb80000,0x00000000ed080000)
 ParOldGen       total 87552K, used 0K [0x00000000c0000000, 0x00000000c5580000, 0x00000000eab00000)
  object space 87552K, 0% used [0x00000000c0000000,0x00000000c0000000,0x00000000c5580000)
 Metaspace       used 5731K, capacity 6832K, committed 7040K, reserved 1056768K
  class space    used 586K, capacity 616K, committed 640K, reserved 1048576K

Deoptimization events (0 events):
No events

Internal exceptions (2 events):
Event: 0.026 Thread 0x00000000024be000 Exception <a 'java/lang/NoSuchMethodError': Method sun.misc.Unsafe.defineClass(Ljava/lang/String;[BII)Ljava/lang/Class; name or signature does not match> (0x00000000eab07cc0) thrown at [C:\re\workspace\8-2-build-windows-amd64-cygwin\jdk8u101\7261\hotspot\s:q'pðš?
Event: 0.026 Thread 0x00000000024be000 Exception <a 'java/lang/NoSuchMethodError': Method sun.misc.Unsafe.prefetchRead(Ljava/lang/Object;J)V name or signature does not match> (0x00000000eab07fa8) thrown at [C:\re\workspace\8-2-build-windows-amd64-cygwin\jdk8u101\7261\hotspot\src\share\vm\prims\

Events (10 events):
Event: 0.356 loading class java/util/DualPivotQuicksort done
Event: 0.455 Executing VM operation: ForceSafepoint
Event: 0.466 Executing VM operation: ForceSafepoint done
Event: 0.489 Thread 0x0000000056779000 DEOPT PACKING pc=0x0000000002b864ba sp=0x000000005867ea00
Event: 0.489 Thread 0x0000000056779000 DEOPT UNPACKING pc=0x000000000297787f sp=0x000000005867e778 mode 0
Event: 0.490 Thread 0x0000000056779000 DEOPT PACKING pc=0x0000000002b864ba sp=0x000000005867ea00
Event: 0.490 Thread 0x0000000056779000 DEOPT UNPACKING pc=0x000000000297787f sp=0x000000005867e778 mode 0
Event: 0.512 loading class java/util/ArrayList$1
Event: 0.512 loading class java/util/ArrayList$1 done
Event: 0.581 Executing VM operation: ParallelGCFailedAllocation


Dynamic libraries:
0x000000013f7f0000 - 0x000000013f827000 	C:\Program Files\Java\jdk1.8.0_101\bin\java.exe
0x0000000076e00000 - 0x0000000076faa000 	C:\Windows\SYSTEM32\ntdll.dll
0x0000000076be0000 - 0x0000000076cff000 	C:\Windows\system32\kernel32.dll
0x000007fefcdb0000 - 0x000007fefce1a000 	C:\Windows\system32\KERNELBASE.dll
0x000007fefd220000 - 0x000007fefd2fb000 	C:\Windows\system32\ADVAPI32.dll
0x000007fefd300000 - 0x000007fefd39f000 	C:\Windows\system32\msvcrt.dll
0x000007fefdc10000 - 0x000007fefdc2f000 	C:\Windows\SYSTEM32\sechost.dll
0x000007fefed60000 - 0x000007fefee8d000 	C:\Windows\system32\RPCRT4.dll
0x0000000076d00000 - 0x0000000076dfa000 	C:\Windows\system32\USER32.dll
0x000007fefdd40000 - 0x000007fefdda7000 	C:\Windows\system32\GDI32.dll
0x000007fefed50000 - 0x000007fefed5e000 	C:\Windows\system32\LPK.dll
0x000007fefde90000 - 0x000007fefdf5a000 	C:\Windows\system32\USP10.dll
0x000007fefb4e0000 - 0x000007fefb6d4000 	C:\Windows\WinSxS\amd64_microsoft.windows.common-controls_6595b64144ccf1df_6.0.7601.18837_none_fa3b1e3d17594757\COMCTL32.dll
0x000007fefd790000 - 0x000007fefd801000 	C:\Windows\system32\SHLWAPI.dll
0x000007fefd1f0000 - 0x000007fefd21e000 	C:\Windows\system32\IMM32.DLL
0x000007fefdc30000 - 0x000007fefdd39000 	C:\Windows\system32\MSCTF.dll
0x000000006cc00000 - 0x000000006ccd2000 	C:\Program Files\Java\jdk1.8.0_101\jre\bin\msvcr100.dll
0x0000000061120000 - 0x00000000619ba000 	C:\Program Files\Java\jdk1.8.0_101\jre\bin\server\jvm.dll
0x000007fef9120000 - 0x000007fef9129000 	C:\Windows\system32\WSOCK32.dll
0x000007fefdf60000 - 0x000007fefdfad000 	C:\Windows\system32\WS2_32.dll
0x000007fefdfb0000 - 0x000007fefdfb8000 	C:\Windows\system32\NSI.dll
0x000007fefa200000 - 0x000007fefa23b000 	C:\Windows\system32\WINMM.dll
0x000007fefbe60000 - 0x000007fefbe6c000 	C:\Windows\system32\VERSION.dll
0x0000000076fc0000 - 0x0000000076fc7000 	C:\Windows\system32\PSAPI.DLL
0x00000000740d0000 - 0x00000000740df000 	C:\Program Files\Java\jdk1.8.0_101\jre\bin\verify.dll
0x00000000740a0000 - 0x00000000740c9000 	C:\Program Files\Java\jdk1.8.0_101\jre\bin\java.dll
0x0000000073580000 - 0x0000000073596000 	C:\Program Files\Java\jdk1.8.0_101\jre\bin\zip.dll
0x000007fefdfc0000 - 0x000007fefed49000 	C:\Windows\system32\SHELL32.dll
0x000007fefda00000 - 0x000007fefdc03000 	C:\Windows\system32\ole32.dll
0x000007fefcd00000 - 0x000007fefcd0f000 	C:\Windows\system32\profapi.dll

VM Arguments:
jvm_args: -Djava.awt.headless=true -Xmx1024M -Dfile.encoding=GBK -Duser.country=CN -Duser.language=zh -Duser.variant 
java_command: com.android.dx.command.Main --dex --force-jumbo --num-threads=4 --multi-dex --output D:\android_code\socket.io-android-chat-master\SocketDemo\build\intermediates\transforms\dex\debug\folders\1000\5\slice_9 D:\android_code\socket.io-android-chat-master\SocketDemo\build\intermediates\transforms\instantRunSlicer\debug\folders\1\5\slice_9
java_class_path (initial): D:\Android\android-sdk\build-tools\26.0.0\lib\dx.jar
Launcher Type: SUN_STANDARD

Environment Variables:
JAVA_HOME=C:\Program Files\Java\jdk1.8.0_101
CLASSPATH=.;C:\Program Files\Java\jdk1.8.0_101\lib\dt.jar;C:\Program Files\Java\jdk1.8.0_101\lib\tools.jar
PATH=%MYSQL_HOME%\bin;C:\Program Files\Java\jdk1.8.0_101\bin;C:\Program Files\Java\jdk1.8.0_101\jre\bin;C:\ProgramData\Oracle\Java\javapath;C:\Windows\system32;C:\Windows;C:\Windows\System32\Wbem;C:\Windows\System32\WindowsPowerShell\v1.0\;C:\Program Files (x86)\NVIDIA Corporation\PhysX\Common;C:\apache-tomcat-7.0.61\lib;C:\apache-tomcat-7.0.61\bin;C:\Users\Howard\AppData\Local\Android\Sdk\platform-tools;C:\Program Files\VisualSVN Server\bin;C:\Program Files\TortoiseSVN\bin;C:\adb;C:\Program Files\Git\cmd;C:\Program Files\nodejs\;C:\Users\Howard\AppData\Local\Programs\Python\Python36-32;C:\Program Files\MySQL\MySQL Server 5.7\bin;C:\Program Files\Git\usr\bin;C:\Program Files\Android\Android Studio\gradle\gradle-2.10\bin;;C:\Program Files (x86)\Microsoft VS Code\bin;C:\Users\Howard\AppData\Roaming\npm
USERNAME=Howard
OS=Windows_NT
PROCESSOR_IDENTIFIER=Intel64 Family 6 Model 60 Stepping 3, GenuineIntel



---------------  S Y S T E M  ---------------

OS: Windows 7 , 64 bit Build 7601 (6.1.7601.23677)

CPU:total 8 (4 cores per cpu, 2 threads per core) family 6 model 60 stepping 3, cmov, cx8, fxsr, mmx, sse, sse2, sse3, ssse3, sse4.1, sse4.2, popcnt, avx, avx2, aes, clmul, erms, rtm, lzcnt, ht, tsc, tscinvbit, bmi1, bmi2

Memory: 4k page, physical 8338368k(1669880k free), swap 8336508k(5228k free)

vm_info: Java HotSpot(TM) 64-Bit Server VM (25.101-b13) for windows-amd64 JRE (1.8.0_101-b13), built on Jun 22 2016 01:21:29 by "java_re" with MS VC++ 10.0 (VS2010)

time: Thu Sep 07 17:52:03 2017
elapsed time: 0 seconds (0d 0h 0m 0s)

